Using pre-set license
Built from '2020.2/staging' branch; Version is '2020.2.7f1 (c53830e277f1) revision 12924976'; Using compiler version '192528614'; Build Type 'Release'
OS: 'Windows 10 Pro; OS build 19042.928; Version 2009; 64bit' Language: 'es' Physical Memory: 16274 MB
BatchMode: 1, IsHumanControllingUs: 0, StartBugReporterOnCrash: 0, Is64bit: 1, IsPro: 0

 COMMAND LINE ARGUMENTS:
C:\Program Files\2020.2.7f1\Editor\Unity.exe
-adb2
-batchMode
-noUpm
-name
AssetImportWorker1
-projectPath
D:/TRABAJO/PROYECTOS - UNITY/PRACTICAS/Box-Survival
-logFile
Logs/AssetImportWorker1.log
-srvPort
57278
Successfully changed project path to: D:/TRABAJO/PROYECTOS - UNITY/PRACTICAS/Box-Survival
D:/TRABAJO/PROYECTOS - UNITY/PRACTICAS/Box-Survival
Using Asset Import Pipeline V2.
Refreshing native plugins compatible for Editor in 56.05 ms, found 0 plugins.
Preloading 0 native plugins for Editor in 0.00 ms.
Initialize engine version: 2020.2.7f1 (c53830e277f1)
[Subsystems] Discovering subsystems at path C:/Program Files/2020.2.7f1/Editor/Data/Resources/UnitySubsystems
[Subsystems] Discovering subsystems at path D:/TRABAJO/PROYECTOS - UNITY/PRACTICAS/Box-Survival/Assets
GfxDevice: creating device client; threaded=0
Direct3D:
    Version:  Direct3D 11.0 [level 11.1]
    Renderer: NVIDIA GeForce GTX 1650 SUPER (ID=0x2187)
    Vendor:   
    VRAM:     3955 MB
    Driver:   27.21.14.6627
Initialize mono
Mono path[0] = 'C:/Program Files/2020.2.7f1/Editor/Data/Managed'
Mono path[1] = 'C:/Program Files/2020.2.7f1/Editor/Data/MonoBleedingEdge/lib/mono/unityjit'
Mono config path = 'C:/Program Files/2020.2.7f1/Editor/Data/MonoBleedingEdge/etc'
Using monoOptions --debugger-agent=transport=dt_socket,embedding=1,server=y,suspend=n,address=127.0.0.1:56348
Begin MonoManager ReloadAssembly
Registering precompiled unity dll's ...
Register platform support module: C:/Program Files/2020.2.7f1/Editor/Data/PlaybackEngines/WindowsStandaloneSupport/UnityEditor.WindowsStandalone.Extensions.dll
Registered in 0.001541 seconds.
Native extension for WindowsStandalone target not found
Refreshing native plugins compatible for Editor in 54.96 ms, found 0 plugins.
Preloading 0 native plugins for Editor in 0.00 ms.
Invoked RoslynAnalysisRunner static constructor.
RoslynAnalysisRunner will not be running.
RoslynAnalysisRunner has terminated.
Mono: successfully reloaded assembly
- Completed reload, in  1.273 seconds
Platform modules already initialized, skipping
Registering precompiled user dll's ...
Registered in 0.001702 seconds.
Begin MonoManager ReloadAssembly
Native extension for WindowsStandalone target not found
Refreshing native plugins compatible for Editor in 55.38 ms, found 0 plugins.
Preloading 0 native plugins for Editor in 0.00 ms.
Invoked RoslynAnalysisRunner static constructor.
RoslynAnalysisRunner will not be running.
RoslynAnalysisRunner has terminated.
Mono: successfully reloaded assembly
- Completed reload, in  0.854 seconds
Platform modules already initialized, skipping
========================================================================
Worker process is ready to serve import requests
Shader 'Universal Render Pipeline/Particles/Lit': fallback shader 'Universal Render Pipeline/Particles/SimpleLit' not found
Shader 'Universal Render Pipeline/Particles/Lit': fallback shader 'Universal Render Pipeline/Particles/SimpleLit' not found
Launched and connected shader compiler UnityShaderCompiler.exe after 0.04 seconds
Refreshing native plugins compatible for Editor in 0.73 ms, found 0 plugins.
Preloading 0 native plugins for Editor in 0.00 ms.
Unloading 2638 Unused Serialized files (Serialized files now loaded: 0)
System memory in use before: 148.3 MB.
System memory in use after: 146.7 MB.

Unloading 43 unused Assets to reduce memory usage. Loaded Objects now: 3079.
Total: 3.360900 ms (FindLiveObjects: 0.435200 ms CreateObjectMapping: 0.091800 ms MarkObjects: 1.891500 ms  DeleteObjects: 0.941200 ms)

========================================================================
Received Import Request.
  path: Assets/Plugin_MongoDB/Unity-mongo-csharp-driver-dlls-master/DnsClient.dll
  artifactKey: Guid(f5b1de0b79f21a64eaf8dad635e14fa2) Importer(815301076,1909f56bfc062723c751e8b465ee728b)
Start importing Assets/Plugin_MongoDB/Unity-mongo-csharp-driver-dlls-master/DnsClient.dll using Guid(f5b1de0b79f21a64eaf8dad635e14fa2) Importer(815301076,1909f56bfc062723c751e8b465ee728b)  -> (artifact id: '3243cef926cb539368fa0fabdaf8587b') in 0.030942 seconds
  Import took 0.063293 seconds .

========================================================================
Received Import Request.
  Time since last request: 0.000195 seconds.
  path: Assets/Plugin_MongoDB/Unity-mongo-csharp-driver-dlls-master/MongoDB.Driver.dll
  artifactKey: Guid(13a6ee42e5584a34496ef1178888eb8f) Importer(815301076,1909f56bfc062723c751e8b465ee728b)
Start importing Assets/Plugin_MongoDB/Unity-mongo-csharp-driver-dlls-master/MongoDB.Driver.dll using Guid(13a6ee42e5584a34496ef1178888eb8f) Importer(815301076,1909f56bfc062723c751e8b465ee728b)  -> (artifact id: '16a0ecb713e29d093ab05872b269a219') in 0.006630 seconds
  Import took 0.026438 seconds .

========================================================================
Received Import Request.
  Time since last request: 0.000180 seconds.
  path: Assets/Plugin_MongoDB/Unity-mongo-csharp-driver-dlls-master/MongoDB.Driver.Core.dll
  artifactKey: Guid(c1f469493b5f3ec489b6cb59759ad342) Importer(815301076,1909f56bfc062723c751e8b465ee728b)
Start importing Assets/Plugin_MongoDB/Unity-mongo-csharp-driver-dlls-master/MongoDB.Driver.Core.dll using Guid(c1f469493b5f3ec489b6cb59759ad342) Importer(815301076,1909f56bfc062723c751e8b465ee728b)  -> (artifact id: 'ab81a1bbf075ccf3a77ec05ca25b2bc4') in 0.006082 seconds
  Import took 0.027488 seconds .

========================================================================
Received Import Request.
  Time since last request: 0.000176 seconds.
  path: Assets/Plugin_MongoDB/Unity-mongo-csharp-driver-dlls-master/MongoDB.Bson.dll
  artifactKey: Guid(587d23d033e42dc409251b54a8e82e90) Importer(815301076,1909f56bfc062723c751e8b465ee728b)
Start importing Assets/Plugin_MongoDB/Unity-mongo-csharp-driver-dlls-master/MongoDB.Bson.dll using Guid(587d23d033e42dc409251b54a8e82e90) Importer(815301076,1909f56bfc062723c751e8b465ee728b)  -> (artifact id: '7bbcc4d0edac4c8625786e041ca94d50') in 0.021017 seconds
  Import took 0.024776 seconds .

========================================================================
Received Import Request.
  Time since last request: 0.000178 seconds.
  path: Assets/Plugin_MongoDB/Unity-mongo-csharp-driver-dlls-master/System.Buffers.dll
  artifactKey: Guid(c9d815f5bfbd76b49a51093aad7255e7) Importer(815301076,1909f56bfc062723c751e8b465ee728b)
Start importing Assets/Plugin_MongoDB/Unity-mongo-csharp-driver-dlls-master/System.Buffers.dll using Guid(c9d815f5bfbd76b49a51093aad7255e7) Importer(815301076,1909f56bfc062723c751e8b465ee728b)  -> (artifact id: 'c4fb2760ea74509c6f73989d04578172') in 0.005704 seconds
  Import took 0.025614 seconds .

========================================================================
Received Prepare
Registering precompiled user dll's ...
Registered in 0.001932 seconds.
Begin MonoManager ReloadAssembly
Native extension for WindowsStandalone target not found
Refreshing native plugins compatible for Editor in 0.66 ms, found 0 plugins.
Preloading 0 native plugins for Editor in 0.00 ms.
Invoked RoslynAnalysisRunner static constructor.
RoslynAnalysisRunner will not be running.
RoslynAnalysisRunner has terminated.
Mono: successfully reloaded assembly
- Completed reload, in  0.794 seconds
Platform modules already initialized, skipping
Switching build target platform(5) subTarget(0) extendedPlatform(0) -> platform(13) subTarget(537395200) extendedPlatform(0)
Shader 'Universal Render Pipeline/Particles/Lit': fallback shader 'Universal Render Pipeline/Particles/SimpleLit' not found
Shader 'Universal Render Pipeline/Particles/Lit': fallback shader 'Universal Render Pipeline/Particles/SimpleLit' not found
Refreshing native plugins compatible for Editor in 0.69 ms, found 0 plugins.
Preloading 0 native plugins for Editor in 0.00 ms.
Unloading 2534 Unused Serialized files (Serialized files now loaded: 0)
System memory in use before: 136.1 MB.
System memory in use after: 134.6 MB.

Unloading 38 unused Assets to reduce memory usage. Loaded Objects now: 3082.
Total: 3.020300 ms (FindLiveObjects: 0.428200 ms CreateObjectMapping: 0.080500 ms MarkObjects: 1.618100 ms  DeleteObjects: 0.892400 ms)

AssetImportParameters requested are different than current active one (requested -> active):
  custom:graphics/normal-map-encoding: 01000000000000000000000000000000 -> 02000000000000000000000000000000
========================================================================
Received Import Request.
  Time since last request: 1141.579885 seconds.
  path: Assets/Scripts/JPA/LogIn
  artifactKey: Guid(a64967263000df04d9b1b3f69be02987) Importer(815301076,1909f56bfc062723c751e8b465ee728b)
Start importing Assets/Scripts/JPA/LogIn using Guid(a64967263000df04d9b1b3f69be02987) Importer(815301076,1909f56bfc062723c751e8b465ee728b)  -> (artifact id: '873284eac4cd2e1b63ea60fb0624189a') in 0.008252 seconds
  Import took 0.027355 seconds .

========================================================================
Received Import Request.
  Time since last request: 9.643882 seconds.
  path: Assets/Scripts/JPA/CreateAccount
  artifactKey: Guid(39fd7a6dc95e82242889c3d6097c4962) Importer(815301076,1909f56bfc062723c751e8b465ee728b)
Start importing Assets/Scripts/JPA/CreateAccount using Guid(39fd7a6dc95e82242889c3d6097c4962) Importer(815301076,1909f56bfc062723c751e8b465ee728b)  -> (artifact id: '29e997ff254d93ea641f3a913d76b314') in 0.005582 seconds
  Import took 0.053803 seconds .

========================================================================
Received Import Request.
  Time since last request: 2780.877995 seconds.
  path: Assets/Scripts/JPA/Manager
  artifactKey: Guid(c2e132c2b8255f04b92ff961ced94700) Importer(815301076,1909f56bfc062723c751e8b465ee728b)
Start importing Assets/Scripts/JPA/Manager using Guid(c2e132c2b8255f04b92ff961ced94700) Importer(815301076,1909f56bfc062723c751e8b465ee728b)  -> (artifact id: 'd5bf8c911a0476e5784527d0f6ac5a5b') in 0.005098 seconds
  Import took 0.031810 seconds .

========================================================================
Received Import Request.
  Time since last request: 97.381291 seconds.
  path: Assets/Scripts/JPA/Manager/DBManager.cs
  artifactKey: Guid(858fc7ef0fbd1a14a9149cc00b74a813) Importer(815301076,1909f56bfc062723c751e8b465ee728b)
Start importing Assets/Scripts/JPA/Manager/DBManager.cs using Guid(858fc7ef0fbd1a14a9149cc00b74a813) Importer(815301076,1909f56bfc062723c751e8b465ee728b)  -> (artifact id: '5ccddd9ba166796285c718f18f094260') in 0.016040 seconds
  Import took 0.033973 seconds .

========================================================================
Received Prepare
Registering precompiled user dll's ...
Registered in 0.001919 seconds.
Begin MonoManager ReloadAssembly
Native extension for WindowsStandalone target not found
Refreshing native plugins compatible for Editor in 0.63 ms, found 0 plugins.
Preloading 0 native plugins for Editor in 0.00 ms.
Invoked RoslynAnalysisRunner static constructor.
RoslynAnalysisRunner will not be running.
RoslynAnalysisRunner has terminated.
Mono: successfully reloaded assembly
- Completed reload, in  0.803 seconds
Platform modules already initialized, skipping
Switching build target platform(5) subTarget(0) extendedPlatform(0) -> platform(13) subTarget(537395200) extendedPlatform(0)
Shader 'Universal Render Pipeline/Particles/Lit': fallback shader 'Universal Render Pipeline/Particles/SimpleLit' not found
Shader 'Universal Render Pipeline/Particles/Lit': fallback shader 'Universal Render Pipeline/Particles/SimpleLit' not found
Refreshing native plugins compatible for Editor in 0.59 ms, found 0 plugins.
Preloading 0 native plugins for Editor in 0.00 ms.
Unloading 2535 Unused Serialized files (Serialized files now loaded: 0)
System memory in use before: 136.2 MB.
System memory in use after: 134.6 MB.

Unloading 38 unused Assets to reduce memory usage. Loaded Objects now: 3086.
Total: 3.334200 ms (FindLiveObjects: 0.353600 ms CreateObjectMapping: 0.075000 ms MarkObjects: 1.822100 ms  DeleteObjects: 1.082200 ms)

AssetImportParameters requested are different than current active one (requested -> active):
  custom:graphics/normal-map-encoding: 01000000000000000000000000000000 -> 02000000000000000000000000000000
========================================================================
Received Prepare
Registering precompiled user dll's ...
Registered in 0.001912 seconds.
Begin MonoManager ReloadAssembly
Native extension for WindowsStandalone target not found
Refreshing native plugins compatible for Editor in 0.59 ms, found 0 plugins.
Preloading 0 native plugins for Editor in 0.00 ms.
Invoked RoslynAnalysisRunner static constructor.
RoslynAnalysisRunner will not be running.
RoslynAnalysisRunner has terminated.
Mono: successfully reloaded assembly
- Completed reload, in  0.825 seconds
Platform modules already initialized, skipping
Switching build target platform(5) subTarget(0) extendedPlatform(0) -> platform(13) subTarget(537395200) extendedPlatform(0)
Shader 'Universal Render Pipeline/Particles/Lit': fallback shader 'Universal Render Pipeline/Particles/SimpleLit' not found
Shader 'Universal Render Pipeline/Particles/Lit': fallback shader 'Universal Render Pipeline/Particles/SimpleLit' not found
Refreshing native plugins compatible for Editor in 0.60 ms, found 0 plugins.
Preloading 0 native plugins for Editor in 0.00 ms.
Unloading 2535 Unused Serialized files (Serialized files now loaded: 0)
System memory in use before: 136.2 MB.
System memory in use after: 134.6 MB.

Unloading 38 unused Assets to reduce memory usage. Loaded Objects now: 3089.
Total: 2.908900 ms (FindLiveObjects: 0.300600 ms CreateObjectMapping: 0.075800 ms MarkObjects: 1.574500 ms  DeleteObjects: 0.957100 ms)

AssetImportParameters requested are different than current active one (requested -> active):
  custom:graphics/normal-map-encoding: 01000000000000000000000000000000 -> 02000000000000000000000000000000
========================================================================
Received Import Request.
  Time since last request: 482.367529 seconds.
  path: Assets/Scripts/JPA/Manager/DBManager.cs
  artifactKey: Guid(858fc7ef0fbd1a14a9149cc00b74a813) Importer(815301076,1909f56bfc062723c751e8b465ee728b)
Start importing Assets/Scripts/JPA/Manager/DBManager.cs using Guid(858fc7ef0fbd1a14a9149cc00b74a813) Importer(815301076,1909f56bfc062723c751e8b465ee728b)  -> (artifact id: 'f00f6e0444938f259582e48b74bf5922') in 0.004497 seconds
  Import took 0.034442 seconds .

========================================================================
Received Prepare
Registering precompiled user dll's ...
Registered in 0.002060 seconds.
Begin MonoManager ReloadAssembly
Native extension for WindowsStandalone target not found
Refreshing native plugins compatible for Editor in 0.60 ms, found 0 plugins.
Preloading 0 native plugins for Editor in 0.00 ms.
Invoked RoslynAnalysisRunner static constructor.
RoslynAnalysisRunner will not be running.
RoslynAnalysisRunner has terminated.
Mono: successfully reloaded assembly
- Completed reload, in  0.851 seconds
Platform modules already initialized, skipping
Switching build target platform(5) subTarget(0) extendedPlatform(0) -> platform(13) subTarget(537395200) extendedPlatform(0)
Shader 'Universal Render Pipeline/Particles/Lit': fallback shader 'Universal Render Pipeline/Particles/SimpleLit' not found
Shader 'Universal Render Pipeline/Particles/Lit': fallback shader 'Universal Render Pipeline/Particles/SimpleLit' not found
Refreshing native plugins compatible for Editor in 0.62 ms, found 0 plugins.
Preloading 0 native plugins for Editor in 0.00 ms.
Unloading 2535 Unused Serialized files (Serialized files now loaded: 0)
System memory in use before: 136.2 MB.
System memory in use after: 134.6 MB.

Unloading 38 unused Assets to reduce memory usage. Loaded Objects now: 3092.
Total: 2.810700 ms (FindLiveObjects: 0.259100 ms CreateObjectMapping: 0.071800 ms MarkObjects: 1.524900 ms  DeleteObjects: 0.953600 ms)

AssetImportParameters requested are different than current active one (requested -> active):
  custom:graphics/normal-map-encoding: 01000000000000000000000000000000 -> 02000000000000000000000000000000
========================================================================
Received Prepare
Registering precompiled user dll's ...
Registered in 0.189372 seconds.
Begin MonoManager ReloadAssembly
Native extension for WindowsStandalone target not found
Refreshing native plugins compatible for Editor in 0.61 ms, found 0 plugins.
Preloading 0 native plugins for Editor in 0.00 ms.
Invoked RoslynAnalysisRunner static constructor.
RoslynAnalysisRunner will not be running.
RoslynAnalysisRunner has terminated.
Mono: successfully reloaded assembly
- Completed reload, in  2.735 seconds
Platform modules already initialized, skipping
Switching build target platform(5) subTarget(0) extendedPlatform(0) -> platform(13) subTarget(537395200) extendedPlatform(0)
Shader 'Universal Render Pipeline/Particles/Lit': fallback shader 'Universal Render Pipeline/Particles/SimpleLit' not found
Shader 'Universal Render Pipeline/Particles/Lit': fallback shader 'Universal Render Pipeline/Particles/SimpleLit' not found
Refreshing native plugins compatible for Editor in 0.61 ms, found 0 plugins.
Preloading 0 native plugins for Editor in 0.00 ms.
Unloading 2535 Unused Serialized files (Serialized files now loaded: 0)
System memory in use before: 136.2 MB.
System memory in use after: 134.6 MB.

Unloading 38 unused Assets to reduce memory usage. Loaded Objects now: 3095.
Total: 2.930200 ms (FindLiveObjects: 0.258800 ms CreateObjectMapping: 0.081400 ms MarkObjects: 1.591800 ms  DeleteObjects: 0.997400 ms)

AssetImportParameters requested are different than current active one (requested -> active):
  custom:graphics/normal-map-encoding: 01000000000000000000000000000000 -> 02000000000000000000000000000000
========================================================================
Received Prepare
Registering precompiled user dll's ...
Registered in 0.001935 seconds.
Begin MonoManager ReloadAssembly
Native extension for WindowsStandalone target not found
Refreshing native plugins compatible for Editor in 0.62 ms, found 0 plugins.
Preloading 0 native plugins for Editor in 0.00 ms.
Invoked RoslynAnalysisRunner static constructor.
RoslynAnalysisRunner will not be running.
RoslynAnalysisRunner has terminated.
Mono: successfully reloaded assembly
- Completed reload, in  0.816 seconds
Platform modules already initialized, skipping
Switching build target platform(5) subTarget(0) extendedPlatform(0) -> platform(13) subTarget(537395200) extendedPlatform(0)
Shader 'Universal Render Pipeline/Particles/Lit': fallback shader 'Universal Render Pipeline/Particles/SimpleLit' not found
Shader 'Universal Render Pipeline/Particles/Lit': fallback shader 'Universal Render Pipeline/Particles/SimpleLit' not found
Refreshing native plugins compatible for Editor in 0.60 ms, found 0 plugins.
Preloading 0 native plugins for Editor in 0.00 ms.
Unloading 2535 Unused Serialized files (Serialized files now loaded: 0)
System memory in use before: 136.2 MB.
System memory in use after: 134.7 MB.

Unloading 38 unused Assets to reduce memory usage. Loaded Objects now: 3098.
Total: 3.179100 ms (FindLiveObjects: 0.318100 ms CreateObjectMapping: 0.074900 ms MarkObjects: 1.800500 ms  DeleteObjects: 0.984000 ms)

AssetImportParameters requested are different than current active one (requested -> active):
  custom:graphics/normal-map-encoding: 01000000000000000000000000000000 -> 02000000000000000000000000000000
========================================================================
Received Import Request.
  Time since last request: 10099.447160 seconds.
  path: Assets/Scripts/JPA/Manager/DBManager.cs
  artifactKey: Guid(858fc7ef0fbd1a14a9149cc00b74a813) Importer(815301076,1909f56bfc062723c751e8b465ee728b)
Start importing Assets/Scripts/JPA/Manager/DBManager.cs using Guid(858fc7ef0fbd1a14a9149cc00b74a813) Importer(815301076,1909f56bfc062723c751e8b465ee728b)  -> (artifact id: '00000000000000000000000000000000') in 0.001057 seconds
  ERROR: Build asset version error: assets/scripts/jpa/manager/dbmanager.cs in SourceAssetDB has modification time of '2021-05-07T20:29:53.0307651Z' while content on disk has modification time of '2021-05-07T20:32:48.0386226Z'
  Import took 0.004358 seconds .

========================================================================
Received Prepare
Registering precompiled user dll's ...
Registered in 0.001962 seconds.
Begin MonoManager ReloadAssembly
Native extension for WindowsStandalone target not found
Refreshing native plugins compatible for Editor in 0.61 ms, found 0 plugins.
Preloading 0 native plugins for Editor in 0.00 ms.
Invoked RoslynAnalysisRunner static constructor.
RoslynAnalysisRunner will not be running.
RoslynAnalysisRunner has terminated.
Mono: successfully reloaded assembly
- Completed reload, in  0.832 seconds
Platform modules already initialized, skipping
Switching build target platform(5) subTarget(0) extendedPlatform(0) -> platform(13) subTarget(537395200) extendedPlatform(0)
Shader 'Universal Render Pipeline/Particles/Lit': fallback shader 'Universal Render Pipeline/Particles/SimpleLit' not found
Shader 'Universal Render Pipeline/Particles/Lit': fallback shader 'Universal Render Pipeline/Particles/SimpleLit' not found
Refreshing native plugins compatible for Editor in 0.62 ms, found 0 plugins.
Preloading 0 native plugins for Editor in 0.00 ms.
Unloading 2535 Unused Serialized files (Serialized files now loaded: 0)
System memory in use before: 136.2 MB.
System memory in use after: 134.7 MB.

Unloading 38 unused Assets to reduce memory usage. Loaded Objects now: 3101.
Total: 2.964800 ms (FindLiveObjects: 0.248200 ms CreateObjectMapping: 0.079500 ms MarkObjects: 1.613200 ms  DeleteObjects: 1.023000 ms)

AssetImportParameters requested are different than current active one (requested -> active):
  custom:graphics/normal-map-encoding: 01000000000000000000000000000000 -> 02000000000000000000000000000000
AssetImportWorkerClient::OnTransportError - code=2 error=End of file
