Using pre-set license
Built from '2020.2/staging' branch; Version is '2020.2.7f1 (c53830e277f1) revision 12924976'; Using compiler version '192528614'; Build Type 'Release'
OS: 'Windows 10 Pro; OS build 19042.867; Version 2009; 64bit' Language: 'es' Physical Memory: 16274 MB
BatchMode: 1, IsHumanControllingUs: 0, StartBugReporterOnCrash: 0, Is64bit: 1, IsPro: 0

 COMMAND LINE ARGUMENTS:
C:\Program Files\2020.2.7f1\Editor\Unity.exe
-adb2
-batchMode
-noUpm
-name
AssetImportWorker0
-projectPath
D:/TRABAJO/PROYECTOS - UNITY/PRACTICAS/Box-Survival
-logFile
Logs/AssetImportWorker0.log
-srvPort
59437
Successfully changed project path to: D:/TRABAJO/PROYECTOS - UNITY/PRACTICAS/Box-Survival
D:/TRABAJO/PROYECTOS - UNITY/PRACTICAS/Box-Survival
Using Asset Import Pipeline V2.
Refreshing native plugins compatible for Editor in 44.10 ms, found 0 plugins.
Preloading 0 native plugins for Editor in 0.00 ms.
Initialize engine version: 2020.2.7f1 (c53830e277f1)
[Subsystems] Discovering subsystems at path C:/Program Files/2020.2.7f1/Editor/Data/Resources/UnitySubsystems
[Subsystems] Discovering subsystems at path D:/TRABAJO/PROYECTOS - UNITY/PRACTICAS/Box-Survival/Assets
GfxDevice: creating device client; threaded=0
Direct3D:
    Version:  Direct3D 11.0 [level 11.1]
    Renderer: NVIDIA GeForce GTX 1650 SUPER (ID=0x2187)
    Vendor:   
    VRAM:     3955 MB
    Driver:   27.21.14.6192
Initialize mono
Mono path[0] = 'C:/Program Files/2020.2.7f1/Editor/Data/Managed'
Mono path[1] = 'C:/Program Files/2020.2.7f1/Editor/Data/MonoBleedingEdge/lib/mono/unityjit'
Mono config path = 'C:/Program Files/2020.2.7f1/Editor/Data/MonoBleedingEdge/etc'
Using monoOptions --debugger-agent=transport=dt_socket,embedding=1,server=y,suspend=n,address=127.0.0.1:56296
Begin MonoManager ReloadAssembly
Registering precompiled unity dll's ...
Register platform support module: C:/Program Files/2020.2.7f1/Editor/Data/PlaybackEngines/WindowsStandaloneSupport/UnityEditor.WindowsStandalone.Extensions.dll
Registered in 0.001338 seconds.
Native extension for WindowsStandalone target not found
Refreshing native plugins compatible for Editor in 44.66 ms, found 0 plugins.
Preloading 0 native plugins for Editor in 0.00 ms.
Invoked RoslynAnalysisRunner static constructor.
RoslynAnalysisRunner will not be running.
RoslynAnalysisRunner has terminated.
Mono: successfully reloaded assembly
- Completed reload, in  1.250 seconds
Platform modules already initialized, skipping
Registering precompiled user dll's ...
Registered in 0.000719 seconds.
Begin MonoManager ReloadAssembly
Native extension for WindowsStandalone target not found
Refreshing native plugins compatible for Editor in 49.52 ms, found 0 plugins.
Preloading 0 native plugins for Editor in 0.00 ms.
Invoked RoslynAnalysisRunner static constructor.
RoslynAnalysisRunner will not be running.
RoslynAnalysisRunner has terminated.
Mono: successfully reloaded assembly
- Completed reload, in  0.805 seconds
Platform modules already initialized, skipping
========================================================================
Worker process is ready to serve import requests
Shader 'Universal Render Pipeline/Particles/Lit': fallback shader 'Universal Render Pipeline/Particles/SimpleLit' not found
Shader 'Universal Render Pipeline/Particles/Lit': fallback shader 'Universal Render Pipeline/Particles/SimpleLit' not found
Launched and connected shader compiler UnityShaderCompiler.exe after 0.04 seconds
Refreshing native plugins compatible for Editor in 0.50 ms, found 0 plugins.
Preloading 0 native plugins for Editor in 0.00 ms.
Unloading 2517 Unused Serialized files (Serialized files now loaded: 0)
System memory in use before: 129.2 MB.
System memory in use after: 127.6 MB.

Unloading 39 unused Assets to reduce memory usage. Loaded Objects now: 2948.
Total: 3.167800 ms (FindLiveObjects: 0.332800 ms CreateObjectMapping: 0.091800 ms MarkObjects: 1.648500 ms  DeleteObjects: 1.093000 ms)

========================================================================
Received Import Request.
  path: Assets/Personajes/MainCharacter/Animaciones/MainCharacter_Attack.anim
  artifactKey: Guid(f5bef9ef05f79e6429e367855d6bc270) Importer(815301076,1909f56bfc062723c751e8b465ee728b)
Start importing Assets/Personajes/MainCharacter/Animaciones/MainCharacter_Attack.anim using Guid(f5bef9ef05f79e6429e367855d6bc270) Importer(815301076,1909f56bfc062723c751e8b465ee728b)  -> (artifact id: '350eaf909e0d89763bdab05feda00885') in 0.047851 seconds
  Import took 0.051722 seconds .

========================================================================
Received Prepare
Registering precompiled user dll's ...
Registered in 0.000900 seconds.
Begin MonoManager ReloadAssembly
Native extension for WindowsStandalone target not found
Refreshing native plugins compatible for Editor in 0.49 ms, found 0 plugins.
Preloading 0 native plugins for Editor in 0.00 ms.
Invoked RoslynAnalysisRunner static constructor.
RoslynAnalysisRunner will not be running.
RoslynAnalysisRunner has terminated.
Mono: successfully reloaded assembly
- Completed reload, in  0.710 seconds
Platform modules already initialized, skipping
Switching build target platform(5) subTarget(0) extendedPlatform(0) -> platform(13) subTarget(537395200) extendedPlatform(0)
Shader 'Universal Render Pipeline/Particles/Lit': fallback shader 'Universal Render Pipeline/Particles/SimpleLit' not found
Shader 'Universal Render Pipeline/Particles/Lit': fallback shader 'Universal Render Pipeline/Particles/SimpleLit' not found
Refreshing native plugins compatible for Editor in 0.49 ms, found 0 plugins.
Preloading 0 native plugins for Editor in 0.00 ms.
Unloading 2431 Unused Serialized files (Serialized files now loaded: 0)
System memory in use before: 124.1 MB.
System memory in use after: 122.5 MB.

Unloading 34 unused Assets to reduce memory usage. Loaded Objects now: 2951.
Total: 2.795800 ms (FindLiveObjects: 0.276700 ms CreateObjectMapping: 0.074600 ms MarkObjects: 1.480700 ms  DeleteObjects: 0.962800 ms)

AssetImportParameters requested are different than current active one (requested -> active):
  custom:graphics/normal-map-encoding: 01000000000000000000000000000000 -> 02000000000000000000000000000000
========================================================================
Received Import Request.
  Time since last request: 734.495088 seconds.
  path: Assets/Prefabs/Enemy_1.prefab
  artifactKey: Guid(616d69eb031f7f943b8c0ecf2fe9a539) Importer(815301076,1909f56bfc062723c751e8b465ee728b)
Start importing Assets/Prefabs/Enemy_1.prefab using Guid(616d69eb031f7f943b8c0ecf2fe9a539) Importer(815301076,1909f56bfc062723c751e8b465ee728b)  -> (artifact id: 'bcdf79c4b6ff65eec4854e544567e219') in 0.289629 seconds
  Import took 0.294501 seconds .

========================================================================
Received Import Request.
  Time since last request: 1.639154 seconds.
  path: Assets/Prefabs/Enemy_1.prefab
  artifactKey: Guid(616d69eb031f7f943b8c0ecf2fe9a539) Importer(815301076,1909f56bfc062723c751e8b465ee728b)
Start importing Assets/Prefabs/Enemy_1.prefab using Guid(616d69eb031f7f943b8c0ecf2fe9a539) Importer(815301076,1909f56bfc062723c751e8b465ee728b)  -> (artifact id: '10f3edf83842ef415df1e3cc8f27d54b') in 0.087156 seconds
  Import took 0.105726 seconds .

========================================================================
Received Import Request.
  Time since last request: 4.833462 seconds.
  path: Assets/Prefabs/Enemy_1.prefab
  artifactKey: Guid(616d69eb031f7f943b8c0ecf2fe9a539) Importer(815301076,1909f56bfc062723c751e8b465ee728b)
Start importing Assets/Prefabs/Enemy_1.prefab using Guid(616d69eb031f7f943b8c0ecf2fe9a539) Importer(815301076,1909f56bfc062723c751e8b465ee728b)  -> (artifact id: 'a4d412c68b03aa4371f90cb94334704e') in 0.084160 seconds
  Import took 0.088578 seconds .

========================================================================
Received Import Request.
  Time since last request: 1.806858 seconds.
  path: Assets/Prefabs/Enemy_1.prefab
  artifactKey: Guid(616d69eb031f7f943b8c0ecf2fe9a539) Importer(815301076,1909f56bfc062723c751e8b465ee728b)
Start importing Assets/Prefabs/Enemy_1.prefab using Guid(616d69eb031f7f943b8c0ecf2fe9a539) Importer(815301076,1909f56bfc062723c751e8b465ee728b)  -> (artifact id: '77b67a6725c4c67401d13b55748eac91') in 0.087026 seconds
  Import took 0.091499 seconds .

========================================================================
Received Import Request.
  Time since last request: 54.305081 seconds.
  path: Assets/Prefabs/Enemy_1.prefab
  artifactKey: Guid(616d69eb031f7f943b8c0ecf2fe9a539) Importer(815301076,1909f56bfc062723c751e8b465ee728b)
Start importing Assets/Prefabs/Enemy_1.prefab using Guid(616d69eb031f7f943b8c0ecf2fe9a539) Importer(815301076,1909f56bfc062723c751e8b465ee728b)  -> (artifact id: '683dafb3e8cce6192a857bf7b13e9e48') in 0.088559 seconds
  Import took 0.092943 seconds .

========================================================================
Received Prepare
Registering precompiled user dll's ...
Registered in 0.001108 seconds.
Begin MonoManager ReloadAssembly
Native extension for WindowsStandalone target not found
Refreshing native plugins compatible for Editor in 0.50 ms, found 0 plugins.
Preloading 0 native plugins for Editor in 0.00 ms.
Invoked RoslynAnalysisRunner static constructor.
RoslynAnalysisRunner will not be running.
RoslynAnalysisRunner has terminated.
Mono: successfully reloaded assembly
- Completed reload, in  0.867 seconds
Platform modules already initialized, skipping
Switching build target platform(5) subTarget(0) extendedPlatform(0) -> platform(13) subTarget(537395200) extendedPlatform(0)
Shader 'Universal Render Pipeline/Particles/Lit': fallback shader 'Universal Render Pipeline/Particles/SimpleLit' not found
Shader 'Universal Render Pipeline/Particles/Lit': fallback shader 'Universal Render Pipeline/Particles/SimpleLit' not found
Refreshing native plugins compatible for Editor in 0.50 ms, found 0 plugins.
Preloading 0 native plugins for Editor in 0.00 ms.
Unloading 2431 Unused Serialized files (Serialized files now loaded: 0)
System memory in use before: 143.4 MB.
System memory in use after: 141.8 MB.

Unloading 34 unused Assets to reduce memory usage. Loaded Objects now: 3000.
Total: 2.720000 ms (FindLiveObjects: 0.248600 ms CreateObjectMapping: 0.068900 ms MarkObjects: 1.545000 ms  DeleteObjects: 0.856600 ms)

AssetImportParameters requested are different than current active one (requested -> active):
  custom:graphics/normal-map-encoding: 01000000000000000000000000000000 -> 02000000000000000000000000000000
========================================================================
Received Import Request.
  Time since last request: 92.817301 seconds.
  path: Assets/Personajes/MainCharacter/AnimationController_MainCharacter.controller
  artifactKey: Guid(1530ae97c8be87844a12ade3524795d0) Importer(815301076,1909f56bfc062723c751e8b465ee728b)
Start importing Assets/Personajes/MainCharacter/AnimationController_MainCharacter.controller using Guid(1530ae97c8be87844a12ade3524795d0) Importer(815301076,1909f56bfc062723c751e8b465ee728b)  -> (artifact id: '7f52930392c8485cb2350d5b1a602133') in 0.076796 seconds
  Import took 0.081026 seconds .

========================================================================
Received Prepare
Registering precompiled user dll's ...
Registered in 0.000857 seconds.
Begin MonoManager ReloadAssembly
Native extension for WindowsStandalone target not found
Refreshing native plugins compatible for Editor in 0.52 ms, found 0 plugins.
Preloading 0 native plugins for Editor in 0.00 ms.
Invoked RoslynAnalysisRunner static constructor.
RoslynAnalysisRunner will not be running.
RoslynAnalysisRunner has terminated.
Mono: successfully reloaded assembly
- Completed reload, in  0.762 seconds
Platform modules already initialized, skipping
Switching build target platform(5) subTarget(0) extendedPlatform(0) -> platform(13) subTarget(537395200) extendedPlatform(0)
Shader 'Universal Render Pipeline/Particles/Lit': fallback shader 'Universal Render Pipeline/Particles/SimpleLit' not found
Shader 'Universal Render Pipeline/Particles/Lit': fallback shader 'Universal Render Pipeline/Particles/SimpleLit' not found
Refreshing native plugins compatible for Editor in 0.49 ms, found 0 plugins.
Preloading 0 native plugins for Editor in 0.00 ms.
Unloading 2431 Unused Serialized files (Serialized files now loaded: 0)
System memory in use before: 143.4 MB.
System memory in use after: 141.8 MB.

Unloading 34 unused Assets to reduce memory usage. Loaded Objects now: 3003.
Total: 3.096800 ms (FindLiveObjects: 0.252700 ms CreateObjectMapping: 0.067600 ms MarkObjects: 1.831600 ms  DeleteObjects: 0.943700 ms)

AssetImportParameters requested are different than current active one (requested -> active):
  custom:graphics/normal-map-encoding: 01000000000000000000000000000000 -> 02000000000000000000000000000000
========================================================================
Received Prepare
Registering precompiled user dll's ...
Registered in 0.000848 seconds.
Begin MonoManager ReloadAssembly
Native extension for WindowsStandalone target not found
Refreshing native plugins compatible for Editor in 0.49 ms, found 0 plugins.
Preloading 0 native plugins for Editor in 0.00 ms.
Invoked RoslynAnalysisRunner static constructor.
RoslynAnalysisRunner will not be running.
RoslynAnalysisRunner has terminated.
Mono: successfully reloaded assembly
- Completed reload, in  0.752 seconds
Platform modules already initialized, skipping
Switching build target platform(5) subTarget(0) extendedPlatform(0) -> platform(13) subTarget(537395200) extendedPlatform(0)
Shader 'Universal Render Pipeline/Particles/Lit': fallback shader 'Universal Render Pipeline/Particles/SimpleLit' not found
Shader 'Universal Render Pipeline/Particles/Lit': fallback shader 'Universal Render Pipeline/Particles/SimpleLit' not found
Refreshing native plugins compatible for Editor in 0.52 ms, found 0 plugins.
Preloading 0 native plugins for Editor in 0.00 ms.
Unloading 2431 Unused Serialized files (Serialized files now loaded: 0)
System memory in use before: 143.4 MB.
System memory in use after: 141.8 MB.

Unloading 34 unused Assets to reduce memory usage. Loaded Objects now: 3006.
Total: 3.674500 ms (FindLiveObjects: 0.250300 ms CreateObjectMapping: 0.074500 ms MarkObjects: 2.236600 ms  DeleteObjects: 1.111900 ms)

AssetImportParameters requested are different than current active one (requested -> active):
  custom:graphics/normal-map-encoding: 01000000000000000000000000000000 -> 02000000000000000000000000000000
========================================================================
Received Prepare
Registering precompiled user dll's ...
Registered in 0.000901 seconds.
Begin MonoManager ReloadAssembly
Native extension for WindowsStandalone target not found
Refreshing native plugins compatible for Editor in 0.49 ms, found 0 plugins.
Preloading 0 native plugins for Editor in 0.00 ms.
Invoked RoslynAnalysisRunner static constructor.
RoslynAnalysisRunner will not be running.
RoslynAnalysisRunner has terminated.
Mono: successfully reloaded assembly
- Completed reload, in  0.767 seconds
Platform modules already initialized, skipping
Switching build target platform(5) subTarget(0) extendedPlatform(0) -> platform(13) subTarget(537395200) extendedPlatform(0)
Shader 'Universal Render Pipeline/Particles/Lit': fallback shader 'Universal Render Pipeline/Particles/SimpleLit' not found
Shader 'Universal Render Pipeline/Particles/Lit': fallback shader 'Universal Render Pipeline/Particles/SimpleLit' not found
Refreshing native plugins compatible for Editor in 0.49 ms, found 0 plugins.
Preloading 0 native plugins for Editor in 0.00 ms.
Unloading 2431 Unused Serialized files (Serialized files now loaded: 0)
System memory in use before: 143.3 MB.
System memory in use after: 141.7 MB.

Unloading 34 unused Assets to reduce memory usage. Loaded Objects now: 3009.
Total: 2.949800 ms (FindLiveObjects: 0.299300 ms CreateObjectMapping: 0.067500 ms MarkObjects: 1.553400 ms  DeleteObjects: 1.028600 ms)

AssetImportParameters requested are different than current active one (requested -> active):
  custom:graphics/normal-map-encoding: 01000000000000000000000000000000 -> 02000000000000000000000000000000
========================================================================
Received Prepare
Registering precompiled user dll's ...
Registered in 0.000789 seconds.
Begin MonoManager ReloadAssembly
Native extension for WindowsStandalone target not found
Refreshing native plugins compatible for Editor in 0.50 ms, found 0 plugins.
Preloading 0 native plugins for Editor in 0.00 ms.
Invoked RoslynAnalysisRunner static constructor.
RoslynAnalysisRunner will not be running.
RoslynAnalysisRunner has terminated.
Mono: successfully reloaded assembly
- Completed reload, in  0.778 seconds
Platform modules already initialized, skipping
Switching build target platform(5) subTarget(0) extendedPlatform(0) -> platform(13) subTarget(537395200) extendedPlatform(0)
Shader 'Universal Render Pipeline/Particles/Lit': fallback shader 'Universal Render Pipeline/Particles/SimpleLit' not found
Shader 'Universal Render Pipeline/Particles/Lit': fallback shader 'Universal Render Pipeline/Particles/SimpleLit' not found
Refreshing native plugins compatible for Editor in 0.52 ms, found 0 plugins.
Preloading 0 native plugins for Editor in 0.00 ms.
Unloading 2431 Unused Serialized files (Serialized files now loaded: 0)
System memory in use before: 143.5 MB.
System memory in use after: 141.8 MB.

Unloading 34 unused Assets to reduce memory usage. Loaded Objects now: 3012.
Total: 3.431500 ms (FindLiveObjects: 0.291800 ms CreateObjectMapping: 0.069600 ms MarkObjects: 1.975600 ms  DeleteObjects: 1.093600 ms)

AssetImportParameters requested are different than current active one (requested -> active):
  custom:graphics/normal-map-encoding: 01000000000000000000000000000000 -> 02000000000000000000000000000000
========================================================================
Received Prepare
Registering precompiled user dll's ...
Registered in 0.000848 seconds.
Begin MonoManager ReloadAssembly
Native extension for WindowsStandalone target not found
Refreshing native plugins compatible for Editor in 0.48 ms, found 0 plugins.
Preloading 0 native plugins for Editor in 0.00 ms.
Invoked RoslynAnalysisRunner static constructor.
RoslynAnalysisRunner will not be running.
RoslynAnalysisRunner has terminated.
Mono: successfully reloaded assembly
- Completed reload, in  0.786 seconds
Platform modules already initialized, skipping
Switching build target platform(5) subTarget(0) extendedPlatform(0) -> platform(13) subTarget(537395200) extendedPlatform(0)
Shader 'Universal Render Pipeline/Particles/Lit': fallback shader 'Universal Render Pipeline/Particles/SimpleLit' not found
Shader 'Universal Render Pipeline/Particles/Lit': fallback shader 'Universal Render Pipeline/Particles/SimpleLit' not found
Refreshing native plugins compatible for Editor in 0.57 ms, found 0 plugins.
Preloading 0 native plugins for Editor in 0.00 ms.
Unloading 2431 Unused Serialized files (Serialized files now loaded: 0)
System memory in use before: 143.4 MB.
System memory in use after: 141.9 MB.

Unloading 34 unused Assets to reduce memory usage. Loaded Objects now: 3015.
Total: 3.061600 ms (FindLiveObjects: 0.279000 ms CreateObjectMapping: 0.070800 ms MarkObjects: 1.713900 ms  DeleteObjects: 0.996800 ms)

AssetImportParameters requested are different than current active one (requested -> active):
  custom:graphics/normal-map-encoding: 01000000000000000000000000000000 -> 02000000000000000000000000000000
========================================================================
Received Prepare
Registering precompiled user dll's ...
Registered in 0.000839 seconds.
Begin MonoManager ReloadAssembly
Native extension for WindowsStandalone target not found
Refreshing native plugins compatible for Editor in 0.53 ms, found 0 plugins.
Preloading 0 native plugins for Editor in 0.00 ms.
Invoked RoslynAnalysisRunner static constructor.
RoslynAnalysisRunner will not be running.
RoslynAnalysisRunner has terminated.
Mono: successfully reloaded assembly
- Completed reload, in  0.781 seconds
Platform modules already initialized, skipping
Switching build target platform(5) subTarget(0) extendedPlatform(0) -> platform(13) subTarget(537395200) extendedPlatform(0)
Shader 'Universal Render Pipeline/Particles/Lit': fallback shader 'Universal Render Pipeline/Particles/SimpleLit' not found
Shader 'Universal Render Pipeline/Particles/Lit': fallback shader 'Universal Render Pipeline/Particles/SimpleLit' not found
Refreshing native plugins compatible for Editor in 0.48 ms, found 0 plugins.
Preloading 0 native plugins for Editor in 0.00 ms.
Unloading 2431 Unused Serialized files (Serialized files now loaded: 0)
System memory in use before: 143.5 MB.
System memory in use after: 141.9 MB.

Unloading 34 unused Assets to reduce memory usage. Loaded Objects now: 3018.
Total: 3.454300 ms (FindLiveObjects: 0.280200 ms CreateObjectMapping: 0.075500 ms MarkObjects: 1.778600 ms  DeleteObjects: 1.318700 ms)

AssetImportParameters requested are different than current active one (requested -> active):
  custom:graphics/normal-map-encoding: 01000000000000000000000000000000 -> 02000000000000000000000000000000
========================================================================
Received Prepare
Registering precompiled user dll's ...
Registered in 0.000798 seconds.
Begin MonoManager ReloadAssembly
Native extension for WindowsStandalone target not found
Refreshing native plugins compatible for Editor in 0.49 ms, found 0 plugins.
Preloading 0 native plugins for Editor in 0.00 ms.
Invoked RoslynAnalysisRunner static constructor.
RoslynAnalysisRunner will not be running.
RoslynAnalysisRunner has terminated.
Mono: successfully reloaded assembly
- Completed reload, in  0.779 seconds
Platform modules already initialized, skipping
Switching build target platform(5) subTarget(0) extendedPlatform(0) -> platform(13) subTarget(537395200) extendedPlatform(0)
Shader 'Universal Render Pipeline/Particles/Lit': fallback shader 'Universal Render Pipeline/Particles/SimpleLit' not found
Shader 'Universal Render Pipeline/Particles/Lit': fallback shader 'Universal Render Pipeline/Particles/SimpleLit' not found
Refreshing native plugins compatible for Editor in 0.48 ms, found 0 plugins.
Preloading 0 native plugins for Editor in 0.00 ms.
Unloading 2431 Unused Serialized files (Serialized files now loaded: 0)
System memory in use before: 143.5 MB.
System memory in use after: 141.9 MB.

Unloading 34 unused Assets to reduce memory usage. Loaded Objects now: 3021.
Total: 2.983600 ms (FindLiveObjects: 0.252300 ms CreateObjectMapping: 0.074100 ms MarkObjects: 1.623000 ms  DeleteObjects: 1.033200 ms)

AssetImportParameters requested are different than current active one (requested -> active):
  custom:graphics/normal-map-encoding: 01000000000000000000000000000000 -> 02000000000000000000000000000000
========================================================================
Received Prepare
Registering precompiled user dll's ...
Registered in 0.000875 seconds.
Begin MonoManager ReloadAssembly
Native extension for WindowsStandalone target not found
Refreshing native plugins compatible for Editor in 0.49 ms, found 0 plugins.
Preloading 0 native plugins for Editor in 0.00 ms.
Invoked RoslynAnalysisRunner static constructor.
RoslynAnalysisRunner will not be running.
RoslynAnalysisRunner has terminated.
Mono: successfully reloaded assembly
- Completed reload, in  0.805 seconds
Platform modules already initialized, skipping
Switching build target platform(5) subTarget(0) extendedPlatform(0) -> platform(13) subTarget(537395200) extendedPlatform(0)
Shader 'Universal Render Pipeline/Particles/Lit': fallback shader 'Universal Render Pipeline/Particles/SimpleLit' not found
Shader 'Universal Render Pipeline/Particles/Lit': fallback shader 'Universal Render Pipeline/Particles/SimpleLit' not found
Refreshing native plugins compatible for Editor in 0.49 ms, found 0 plugins.
Preloading 0 native plugins for Editor in 0.00 ms.
Unloading 2431 Unused Serialized files (Serialized files now loaded: 0)
System memory in use before: 143.4 MB.
System memory in use after: 141.8 MB.

Unloading 34 unused Assets to reduce memory usage. Loaded Objects now: 3024.
Total: 3.144200 ms (FindLiveObjects: 0.240600 ms CreateObjectMapping: 0.067500 ms MarkObjects: 1.641800 ms  DeleteObjects: 1.193500 ms)

AssetImportParameters requested are different than current active one (requested -> active):
  custom:graphics/normal-map-encoding: 01000000000000000000000000000000 -> 02000000000000000000000000000000
========================================================================
Received Import Request.
  Time since last request: 4248.527950 seconds.
  path: Assets/Prefabs/Personajes
  artifactKey: Guid(bed0e41cebcdbfc488c65d3f3ba8b47c) Importer(815301076,1909f56bfc062723c751e8b465ee728b)
Start importing Assets/Prefabs/Personajes using Guid(bed0e41cebcdbfc488c65d3f3ba8b47c) Importer(815301076,1909f56bfc062723c751e8b465ee728b)  -> (artifact id: '1cb82f6241a1df92df4398b148d58653') in 0.009204 seconds
  Import took 0.034728 seconds .

========================================================================
Received Import Request.
  Time since last request: 1.930048 seconds.
  path: Assets/Prefabs/MainWarrior.prefab
  artifactKey: Guid(ea39831682f864c40a84a8acd762671b) Importer(815301076,1909f56bfc062723c751e8b465ee728b)
Start importing Assets/Prefabs/MainWarrior.prefab using Guid(ea39831682f864c40a84a8acd762671b) Importer(815301076,1909f56bfc062723c751e8b465ee728b)  -> (artifact id: '1918f83e6b21ec7bcaa6225629a1fc80') in 2.024635 seconds
  Import took 2.047767 seconds .

========================================================================
Received Import Request.
  Time since last request: 0.000190 seconds.
  path: Assets/Prefabs/Personajes/MainWarrior.prefab
  artifactKey: Guid(ea39831682f864c40a84a8acd762671b) Importer(815301076,1909f56bfc062723c751e8b465ee728b)
Start importing Assets/Prefabs/Personajes/MainWarrior.prefab using Guid(ea39831682f864c40a84a8acd762671b) Importer(815301076,1909f56bfc062723c751e8b465ee728b)  -> (artifact id: '1918f83e6b21ec7bcaa6225629a1fc80') in 0.102437 seconds
  Import took 0.107114 seconds .

========================================================================
Received Import Request.
  Time since last request: 7.710261 seconds.
  path: Assets/Prefabs/Escenario
  artifactKey: Guid(52b1adbf93ed5b64baedbb3d7f9474bc) Importer(815301076,1909f56bfc062723c751e8b465ee728b)
Start importing Assets/Prefabs/Escenario using Guid(52b1adbf93ed5b64baedbb3d7f9474bc) Importer(815301076,1909f56bfc062723c751e8b465ee728b)  -> (artifact id: '69a13fd08b83a34fc4aa53615390c47f') in 0.006182 seconds
  Import took 0.020761 seconds .

========================================================================
Received Import Request.
  Time since last request: 552.322875 seconds.
  path: Assets/Prefabs/Escenario/Stage_Buildings_Block_1x1_01P.prefab
  artifactKey: Guid(72eb0839700e048488275d8afc09cc6e) Importer(815301076,1909f56bfc062723c751e8b465ee728b)
Start importing Assets/Prefabs/Escenario/Stage_Buildings_Block_1x1_01P.prefab using Guid(72eb0839700e048488275d8afc09cc6e) Importer(815301076,1909f56bfc062723c751e8b465ee728b)  -> (artifact id: '08a7ff9bd3c05e063c0b929c749d0ba6') in 0.033996 seconds
  Import took 0.045860 seconds .

========================================================================
Received Import Request.
  Time since last request: 82.780898 seconds.
  path: Assets/New Material.mat
  artifactKey: Guid(bfa9a629f2f8baf4dad6f2375c67b8e7) Importer(815301076,1909f56bfc062723c751e8b465ee728b)
Start importing Assets/New Material.mat using Guid(bfa9a629f2f8baf4dad6f2375c67b8e7) Importer(815301076,1909f56bfc062723c751e8b465ee728b)  -> (artifact id: 'ee539c65ff035c178abe87ff6c6b797c') in 0.045569 seconds
  Import took 0.066129 seconds .

========================================================================
Received Import Request.
  Time since last request: 10.012198 seconds.
  path: Assets/Materials
  artifactKey: Guid(d053bc4603c1c2a47a3d0ceb4316a569) Importer(815301076,1909f56bfc062723c751e8b465ee728b)
Start importing Assets/Materials using Guid(d053bc4603c1c2a47a3d0ceb4316a569) Importer(815301076,1909f56bfc062723c751e8b465ee728b)  -> (artifact id: '3932698ed748afed7267920319ad4d22') in 0.046366 seconds
  Import took 0.086128 seconds .

========================================================================
Received Import Request.
  Time since last request: 11.179009 seconds.
  path: Assets/Materials/Stage
  artifactKey: Guid(c00f2082045e5a74392208606cb15d4b) Importer(815301076,1909f56bfc062723c751e8b465ee728b)
Start importing Assets/Materials/Stage using Guid(c00f2082045e5a74392208606cb15d4b) Importer(815301076,1909f56bfc062723c751e8b465ee728b)  -> (artifact id: '4f4d58b2357c4102ee88791dc7deb52b') in 0.005947 seconds
  Import took 0.028298 seconds .

========================================================================
Received Import Request.
  Time since last request: 19.257093 seconds.
  path: Assets/Materials/Stage/Material_Stage_01.mat
  artifactKey: Guid(fff42ec07544e8d4bb548f13235a0309) Importer(815301076,1909f56bfc062723c751e8b465ee728b)
Start importing Assets/Materials/Stage/Material_Stage_01.mat using Guid(fff42ec07544e8d4bb548f13235a0309) Importer(815301076,1909f56bfc062723c751e8b465ee728b)  -> (artifact id: 'a75ce2e95a7971b7a33b40be98a0a565') in 0.014342 seconds
  Import took 0.029890 seconds .

========================================================================
Received Import Request.
  Time since last request: 452.756078 seconds.
  path: Assets/Materials/Stage/Material_Stage_01.mat
  artifactKey: Guid(fff42ec07544e8d4bb548f13235a0309) Importer(815301076,1909f56bfc062723c751e8b465ee728b)
Start importing Assets/Materials/Stage/Material_Stage_01.mat using Guid(fff42ec07544e8d4bb548f13235a0309) Importer(815301076,1909f56bfc062723c751e8b465ee728b)  -> (artifact id: '17b994cf5d47012b329ab5e183ea9840') in 0.025890 seconds
  Import took 0.061200 seconds .

========================================================================
Received Import Request.
  Time since last request: 1180.025864 seconds.
  path: Assets/SDF_BasicTrainingStage
  artifactKey: Guid(bd03420635dc1f247802512055bd2c8f) Importer(815301076,1909f56bfc062723c751e8b465ee728b)
Start importing Assets/SDF_BasicTrainingStage using Guid(bd03420635dc1f247802512055bd2c8f) Importer(815301076,1909f56bfc062723c751e8b465ee728b)  -> (artifact id: 'c59ae8ce369540a1a241a0fd4c93f202') in 0.006594 seconds
  Import took 0.026432 seconds .

========================================================================
Received Import Request.
  Time since last request: 2.621769 seconds.
  path: Assets/SDF_BasicTrainingStage/Scenes
  artifactKey: Guid(2143e6fa78f62dc4892150cceb137970) Importer(815301076,1909f56bfc062723c751e8b465ee728b)
Start importing Assets/SDF_BasicTrainingStage/Scenes using Guid(2143e6fa78f62dc4892150cceb137970) Importer(815301076,1909f56bfc062723c751e8b465ee728b)  -> (artifact id: '9c9609071d28bfe43b56f478f8ecc413') in 0.020519 seconds
  Import took 0.037230 seconds .

========================================================================
Received Import Request.
  Time since last request: 0.635607 seconds.
  path: Assets/SDF_BasicTrainingStage/Scenes/Stage_BasicTraining.unity
  artifactKey: Guid(afe124a1136d6bb4fb53732b0a2cd1bf) Importer(815301076,1909f56bfc062723c751e8b465ee728b)
Start importing Assets/SDF_BasicTrainingStage/Scenes/Stage_BasicTraining.unity using Guid(afe124a1136d6bb4fb53732b0a2cd1bf) Importer(815301076,1909f56bfc062723c751e8b465ee728b)  -> (artifact id: 'd80edc30b2fbe5e78affd4530c3d0b20') in 0.006248 seconds
  Import took 0.014045 seconds .

========================================================================
Received Import Request.
  Time since last request: 106.792482 seconds.
  path: Assets/Scenes/PRUEBAS.unity
  artifactKey: Guid(914488fe35bc14b4fb9cf502e546293b) Importer(815301076,1909f56bfc062723c751e8b465ee728b)
Start importing Assets/Scenes/PRUEBAS.unity using Guid(914488fe35bc14b4fb9cf502e546293b) Importer(815301076,1909f56bfc062723c751e8b465ee728b)  -> (artifact id: '093cb740e93bba1de427d1f7b69e457e') in 0.006331 seconds
  Import took 0.024804 seconds .

========================================================================
Received Import Request.
  Time since last request: 8.894502 seconds.
  path: Assets/SDF_BasicTrainingStage/Prefabs
  artifactKey: Guid(fcdc603e731a12844b9c2346cd1f3b26) Importer(815301076,1909f56bfc062723c751e8b465ee728b)
Start importing Assets/SDF_BasicTrainingStage/Prefabs using Guid(fcdc603e731a12844b9c2346cd1f3b26) Importer(815301076,1909f56bfc062723c751e8b465ee728b)  -> (artifact id: '139b8a7ddae7c1346fcb466d78cc94f7') in 0.038062 seconds
  Import took 0.053688 seconds .

========================================================================
Received Import Request.
  Time since last request: 0.821209 seconds.
  path: Assets/SDF_BasicTrainingStage/Prefabs/Environment
  artifactKey: Guid(bbed25aa3ea8260449b60e954a3df67f) Importer(815301076,1909f56bfc062723c751e8b465ee728b)
Start importing Assets/SDF_BasicTrainingStage/Prefabs/Environment using Guid(bbed25aa3ea8260449b60e954a3df67f) Importer(815301076,1909f56bfc062723c751e8b465ee728b)  -> (artifact id: '2643d712537100f6c9706a504e4e9cb6') in 0.005156 seconds
  Import took 0.018669 seconds .

========================================================================
Received Import Request.
  Time since last request: 0.041470 seconds.
  path: Assets/SDF_BasicTrainingStage/Prefabs/Environment/TrainingStage_Background.prefab
  artifactKey: Guid(cd93828a0cf973e48b07726edcc42a41) Importer(815301076,1909f56bfc062723c751e8b465ee728b)
Start importing Assets/SDF_BasicTrainingStage/Prefabs/Environment/TrainingStage_Background.prefab using Guid(cd93828a0cf973e48b07726edcc42a41) Importer(815301076,1909f56bfc062723c751e8b465ee728b)  -> (artifact id: '7e8d11cea8a3108e8da97c6ba36a2f64') in 0.069619 seconds
  Import took 0.084758 seconds .

========================================================================
Received Import Request.
  Time since last request: 77.144101 seconds.
  path: Assets/SDF_BasicTrainingStage/Materials
  artifactKey: Guid(73e460c846a5d534cbfe611172f0f94e) Importer(815301076,1909f56bfc062723c751e8b465ee728b)
Start importing Assets/SDF_BasicTrainingStage/Materials using Guid(73e460c846a5d534cbfe611172f0f94e) Importer(815301076,1909f56bfc062723c751e8b465ee728b)  -> (artifact id: 'e76d05694a7821e34492ffbd2ae6d71c') in 0.006597 seconds
  Import took 0.030190 seconds .

========================================================================
Received Import Request.
  Time since last request: 0.677264 seconds.
  path: Assets/SDF_BasicTrainingStage/Materials/Environments
  artifactKey: Guid(69c56de08a80cae4e87e3c23a8a6b095) Importer(815301076,1909f56bfc062723c751e8b465ee728b)
Start importing Assets/SDF_BasicTrainingStage/Materials/Environments using Guid(69c56de08a80cae4e87e3c23a8a6b095) Importer(815301076,1909f56bfc062723c751e8b465ee728b)  -> (artifact id: 'ddad8510d59a29acfe007dd52b7b2b65') in 0.005640 seconds
  Import took 0.016033 seconds .

========================================================================
Received Import Request.
  Time since last request: 0.807390 seconds.
  path: Assets/SDF_BasicTrainingStage/Materials/Environments/TrainingStage
  artifactKey: Guid(9ab3f9a4c2b6d8841a8c6ae388c86eff) Importer(815301076,1909f56bfc062723c751e8b465ee728b)
Start importing Assets/SDF_BasicTrainingStage/Materials/Environments/TrainingStage using Guid(9ab3f9a4c2b6d8841a8c6ae388c86eff) Importer(815301076,1909f56bfc062723c751e8b465ee728b)  -> (artifact id: 'bf2a9c7fa0cfaa4e03b3ef11c9e3b6f0') in 0.005535 seconds
  Import took 0.009212 seconds .

========================================================================
Received Import Request.
  Time since last request: 0.070669 seconds.
  path: Assets/SDF_BasicTrainingStage/Materials/Environments/TrainingStage/TrainSta_Grid_MAT.mat
  artifactKey: Guid(3016a4d0ffb14c84bb8b46a92e8a69f2) Importer(815301076,1909f56bfc062723c751e8b465ee728b)
Start importing Assets/SDF_BasicTrainingStage/Materials/Environments/TrainingStage/TrainSta_Grid_MAT.mat using Guid(3016a4d0ffb14c84bb8b46a92e8a69f2) Importer(815301076,1909f56bfc062723c751e8b465ee728b)  -> (artifact id: 'c6e8293c4f010ff4e20044a5b0056886') in 0.033929 seconds
  Import took 0.049791 seconds .

========================================================================
Received Import Request.
  Time since last request: 0.000180 seconds.
  path: Assets/SDF_BasicTrainingStage/Materials/Environments/TrainingStage/TrainSta_GridGlow_MAT 1.mat
  artifactKey: Guid(6006603be16c08441b0c4e345e666770) Importer(815301076,1909f56bfc062723c751e8b465ee728b)
Start importing Assets/SDF_BasicTrainingStage/Materials/Environments/TrainingStage/TrainSta_GridGlow_MAT 1.mat using Guid(6006603be16c08441b0c4e345e666770) Importer(815301076,1909f56bfc062723c751e8b465ee728b)  -> (artifact id: '435a5ed7a795031dd52d8a0f81c2f0f6') in 0.024732 seconds
  Import took 0.034425 seconds .

========================================================================
Received Prepare
Registering precompiled user dll's ...
Registered in 0.001065 seconds.
Begin MonoManager ReloadAssembly
Native extension for WindowsStandalone target not found
Refreshing native plugins compatible for Editor in 0.57 ms, found 0 plugins.
Preloading 0 native plugins for Editor in 0.00 ms.
Invoked RoslynAnalysisRunner static constructor.
RoslynAnalysisRunner will not be running.
RoslynAnalysisRunner has terminated.
Mono: successfully reloaded assembly
- Completed reload, in  0.808 seconds
Platform modules already initialized, skipping
Switching build target platform(5) subTarget(0) extendedPlatform(0) -> platform(13) subTarget(537395200) extendedPlatform(0)
Shader 'Universal Render Pipeline/Particles/Lit': fallback shader 'Universal Render Pipeline/Particles/SimpleLit' not found
Shader 'Universal Render Pipeline/Particles/Lit': fallback shader 'Universal Render Pipeline/Particles/SimpleLit' not found
Refreshing native plugins compatible for Editor in 0.49 ms, found 0 plugins.
Preloading 0 native plugins for Editor in 0.00 ms.
Unloading 2431 Unused Serialized files (Serialized files now loaded: 0)
System memory in use before: 144.0 MB.
System memory in use after: 142.4 MB.

Unloading 34 unused Assets to reduce memory usage. Loaded Objects now: 3097.
Total: 3.391900 ms (FindLiveObjects: 0.254400 ms CreateObjectMapping: 0.083400 ms MarkObjects: 1.900700 ms  DeleteObjects: 1.152800 ms)

AssetImportParameters requested are different than current active one (requested -> active):
  custom:graphics/normal-map-encoding: 01000000000000000000000000000000 -> 02000000000000000000000000000000
========================================================================
Received Import Request.
  Time since last request: 491.074808 seconds.
  path: Assets/LowPolyDungeonsLite
  artifactKey: Guid(ec7d51c4b965cb142bc2d7b728274217) Importer(815301076,1909f56bfc062723c751e8b465ee728b)
Start importing Assets/LowPolyDungeonsLite using Guid(ec7d51c4b965cb142bc2d7b728274217) Importer(815301076,1909f56bfc062723c751e8b465ee728b)  -> (artifact id: '01a9e36f5701a46425dcd1e2872eef37') in 0.008754 seconds
  Import took 0.024014 seconds .

========================================================================
Received Import Request.
  Time since last request: 1.322098 seconds.
  path: Assets/LowPolyDungeonsLite/LowPolyDungeonsLite_URP_2019.3.unitypackage
  artifactKey: Guid(35f08e2848d890c428e780b92d36e0ac) Importer(815301076,1909f56bfc062723c751e8b465ee728b)
Start importing Assets/LowPolyDungeonsLite/LowPolyDungeonsLite_URP_2019.3.unitypackage using Guid(35f08e2848d890c428e780b92d36e0ac) Importer(815301076,1909f56bfc062723c751e8b465ee728b)  -> (artifact id: '017538fb83d5513e3e77206d353f8a74') in 0.017282 seconds
  Import took 0.037256 seconds .

========================================================================
Received Import Request.
  Time since last request: 4.688634 seconds.
  path: Assets/LowPolyDungeonsLite/LowPolyDungeonsLite_LWRP_2018.4.unitypackage
  artifactKey: Guid(0253ec9ef39216e47baa99d7776ecb22) Importer(815301076,1909f56bfc062723c751e8b465ee728b)
Start importing Assets/LowPolyDungeonsLite/LowPolyDungeonsLite_LWRP_2018.4.unitypackage using Guid(0253ec9ef39216e47baa99d7776ecb22) Importer(815301076,1909f56bfc062723c751e8b465ee728b)  -> (artifact id: '60bb50185c2509befea2aaebe8d4234e') in 0.006599 seconds
  Import took 0.026662 seconds .

========================================================================
Received Import Request.
  Time since last request: 4.020838 seconds.
  path: Assets/LowPolyDungeonsLite/LowPolyDungeonsLite_HDRP_2018.4.unitypackage
  artifactKey: Guid(1b1c12fd5608a1e4dab1f886facfdea3) Importer(815301076,1909f56bfc062723c751e8b465ee728b)
Start importing Assets/LowPolyDungeonsLite/LowPolyDungeonsLite_HDRP_2018.4.unitypackage using Guid(1b1c12fd5608a1e4dab1f886facfdea3) Importer(815301076,1909f56bfc062723c751e8b465ee728b)  -> (artifact id: '7dd9344f8613a0f57876412ad6f17d70') in 0.006423 seconds
  Import took 0.022050 seconds .

========================================================================
Received Import Request.
  Time since last request: 9.485788 seconds.
  path: Assets/LowPolyDungeonsLite/Scenes
  artifactKey: Guid(602f6ee0e183eab49a7d6a388a22808c) Importer(815301076,1909f56bfc062723c751e8b465ee728b)
Start importing Assets/LowPolyDungeonsLite/Scenes using Guid(602f6ee0e183eab49a7d6a388a22808c) Importer(815301076,1909f56bfc062723c751e8b465ee728b)  -> (artifact id: '08a90fe8d016bd0db2d74827581a9e68') in 0.001671 seconds
  Import took 0.005198 seconds .

========================================================================
Received Import Request.
  Time since last request: 1.006829 seconds.
  path: Assets/LowPolyDungeonsLite/Scenes/LowPolyDungeonsLite_Demo.unity
  artifactKey: Guid(8fdb66b3d5f94c2488dec767fb72a89e) Importer(815301076,1909f56bfc062723c751e8b465ee728b)
Start importing Assets/LowPolyDungeonsLite/Scenes/LowPolyDungeonsLite_Demo.unity using Guid(8fdb66b3d5f94c2488dec767fb72a89e) Importer(815301076,1909f56bfc062723c751e8b465ee728b)  -> (artifact id: '4339cbb4148d9421ba9fb91d6365b9a2') in 0.006467 seconds
  Import took 0.010375 seconds .

========================================================================
Received Import Request.
  Time since last request: 3795.993987 seconds.
  path: Assets/LowPolyDungeonsLite/Prefabs
  artifactKey: Guid(0ac0e68d7d9b9394aa72444e7ef8d399) Importer(815301076,1909f56bfc062723c751e8b465ee728b)
Start importing Assets/LowPolyDungeonsLite/Prefabs using Guid(0ac0e68d7d9b9394aa72444e7ef8d399) Importer(815301076,1909f56bfc062723c751e8b465ee728b)  -> (artifact id: '43d9944375cdc56294c1b8eb940dd69d') in 0.006054 seconds
  Import took 0.029215 seconds .

========================================================================
Received Import Request.
  Time since last request: 4.310446 seconds.
  path: Assets/LowPolyDungeonsLite/Prefabs/Book_09.prefab
  artifactKey: Guid(92d4430c1aabefa4691079bac409cbf9) Importer(815301076,1909f56bfc062723c751e8b465ee728b)
Start importing Assets/LowPolyDungeonsLite/Prefabs/Book_09.prefab using Guid(92d4430c1aabefa4691079bac409cbf9) Importer(815301076,1909f56bfc062723c751e8b465ee728b)  -> (artifact id: '3cb5dc2242b501da9e21254924750641') in 0.169863 seconds
  Import took 0.192364 seconds .

========================================================================
Received Import Request.
  Time since last request: 0.000254 seconds.
  path: Assets/LowPolyDungeonsLite/Prefabs/Column_01.prefab
  artifactKey: Guid(2f3f7d4927009b84583c02fcbc509217) Importer(815301076,1909f56bfc062723c751e8b465ee728b)
Start importing Assets/LowPolyDungeonsLite/Prefabs/Column_01.prefab using Guid(2f3f7d4927009b84583c02fcbc509217) Importer(815301076,1909f56bfc062723c751e8b465ee728b)  -> (artifact id: 'a10c24522409cadfba6102d9aebaac35') in 0.032235 seconds
  Import took 0.037990 seconds .

========================================================================
Received Import Request.
  Time since last request: 0.000191 seconds.
  path: Assets/LowPolyDungeonsLite/Prefabs/Jug_02.prefab
  artifactKey: Guid(44b00c7db33473946ad48053b41e081f) Importer(815301076,1909f56bfc062723c751e8b465ee728b)
Start importing Assets/LowPolyDungeonsLite/Prefabs/Jug_02.prefab using Guid(44b00c7db33473946ad48053b41e081f) Importer(815301076,1909f56bfc062723c751e8b465ee728b)  -> (artifact id: '52c65cb3ec79357dd5725f3d51e72e51') in 0.024478 seconds
  Import took 0.027931 seconds .

========================================================================
Received Import Request.
  Time since last request: 0.000198 seconds.
  path: Assets/LowPolyDungeonsLite/Prefabs/Ground_01.prefab
  artifactKey: Guid(98f5378049f9b5745a77677f581b32b1) Importer(815301076,1909f56bfc062723c751e8b465ee728b)
Start importing Assets/LowPolyDungeonsLite/Prefabs/Ground_01.prefab using Guid(98f5378049f9b5745a77677f581b32b1) Importer(815301076,1909f56bfc062723c751e8b465ee728b)  -> (artifact id: '34dce91790c7cbdda78879e4cffb51e5') in 0.024539 seconds
  Import took 0.040432 seconds .

========================================================================
Received Import Request.
  Time since last request: 0.000180 seconds.
  path: Assets/LowPolyDungeonsLite/Prefabs/Particles_Pot.prefab
  artifactKey: Guid(c0e095fcea4ab9d41bfa1cf75a32235c) Importer(815301076,1909f56bfc062723c751e8b465ee728b)
Start importing Assets/LowPolyDungeonsLite/Prefabs/Particles_Pot.prefab using Guid(c0e095fcea4ab9d41bfa1cf75a32235c) Importer(815301076,1909f56bfc062723c751e8b465ee728b)  -> (artifact id: 'dd47f3bb118287e7becbccd4d0a06a2e') in 0.009290 seconds
  Import took 0.013124 seconds .

========================================================================
Received Import Request.
  Time since last request: 0.000184 seconds.
  path: Assets/LowPolyDungeonsLite/Prefabs/Wall_27.prefab
  artifactKey: Guid(2f6c4572e07a60b43b00e1c4f489a806) Importer(815301076,1909f56bfc062723c751e8b465ee728b)
Start importing Assets/LowPolyDungeonsLite/Prefabs/Wall_27.prefab using Guid(2f6c4572e07a60b43b00e1c4f489a806) Importer(815301076,1909f56bfc062723c751e8b465ee728b)  -> (artifact id: 'cc8ac53bfc47055e98ac9b5e41218c88') in 0.023902 seconds
  Import took 0.027493 seconds .

========================================================================
Received Import Request.
  Time since last request: 0.000172 seconds.
  path: Assets/LowPolyDungeonsLite/Prefabs/Mud_04.prefab
  artifactKey: Guid(9d96437b1954fd74c84a5e1999bb2cb1) Importer(815301076,1909f56bfc062723c751e8b465ee728b)
Start importing Assets/LowPolyDungeonsLite/Prefabs/Mud_04.prefab using Guid(9d96437b1954fd74c84a5e1999bb2cb1) Importer(815301076,1909f56bfc062723c751e8b465ee728b)  -> (artifact id: '480bd7626f188c621fe6e9b06d2f894a') in 0.024005 seconds
  Import took 0.028043 seconds .

========================================================================
Received Import Request.
  Time since last request: 0.000200 seconds.
  path: Assets/LowPolyDungeonsLite/Prefabs/Candle_01.prefab
  artifactKey: Guid(c79d59d66358e0f45a098f4b8a82f8be) Importer(815301076,1909f56bfc062723c751e8b465ee728b)
Start importing Assets/LowPolyDungeonsLite/Prefabs/Candle_01.prefab using Guid(c79d59d66358e0f45a098f4b8a82f8be) Importer(815301076,1909f56bfc062723c751e8b465ee728b)  -> (artifact id: '11495d908ea58ea48245159ecb62d65a') in 0.022105 seconds
  Import took 0.025864 seconds .

========================================================================
Received Import Request.
  Time since last request: 0.000176 seconds.
  path: Assets/LowPolyDungeonsLite/Prefabs/Ground_03.prefab
  artifactKey: Guid(fd2de4bd876f4ac4980370e624362931) Importer(815301076,1909f56bfc062723c751e8b465ee728b)
Start importing Assets/LowPolyDungeonsLite/Prefabs/Ground_03.prefab using Guid(fd2de4bd876f4ac4980370e624362931) Importer(815301076,1909f56bfc062723c751e8b465ee728b)  -> (artifact id: '380d42b4edfa13904c0a5dc380929c0e') in 0.022795 seconds
  Import took 0.026701 seconds .

========================================================================
Received Import Request.
  Time since last request: 0.000174 seconds.
  path: Assets/LowPolyDungeonsLite/Prefabs/WallDecor_05.prefab
  artifactKey: Guid(725d9061657be724facf6fda9fe05b4f) Importer(815301076,1909f56bfc062723c751e8b465ee728b)
Start importing Assets/LowPolyDungeonsLite/Prefabs/WallDecor_05.prefab using Guid(725d9061657be724facf6fda9fe05b4f) Importer(815301076,1909f56bfc062723c751e8b465ee728b)  -> (artifact id: 'fb6fc0b6f1930faf8527a422baca7db0') in 0.022989 seconds
  Import took 0.040734 seconds .

========================================================================
Received Import Request.
  Time since last request: 0.000209 seconds.
  path: Assets/LowPolyDungeonsLite/Prefabs/Pot_01.prefab
  artifactKey: Guid(616fdaa7dbff40e4f91c695be15f9f4f) Importer(815301076,1909f56bfc062723c751e8b465ee728b)
Start importing Assets/LowPolyDungeonsLite/Prefabs/Pot_01.prefab using Guid(616fdaa7dbff40e4f91c695be15f9f4f) Importer(815301076,1909f56bfc062723c751e8b465ee728b)  -> (artifact id: 'd2f2fecbd81d3df27249d4e6d0238951') in 0.023428 seconds
  Import took 0.026934 seconds .

========================================================================
Received Import Request.
  Time since last request: 0.000180 seconds.
  path: Assets/LowPolyDungeonsLite/Prefabs/Rock_01.prefab
  artifactKey: Guid(cfb04594231799d4092ee0064447ce94) Importer(815301076,1909f56bfc062723c751e8b465ee728b)
Start importing Assets/LowPolyDungeonsLite/Prefabs/Rock_01.prefab using Guid(cfb04594231799d4092ee0064447ce94) Importer(815301076,1909f56bfc062723c751e8b465ee728b)  -> (artifact id: 'dfdef606328fe22a5582237d304e3218') in 0.023095 seconds
  Import took 0.046971 seconds .

========================================================================
Received Import Request.
  Time since last request: 0.000211 seconds.
  path: Assets/LowPolyDungeonsLite/Prefabs/Wood_02.prefab
  artifactKey: Guid(5062c1312f2beb14694d90a058d444e4) Importer(815301076,1909f56bfc062723c751e8b465ee728b)
Start importing Assets/LowPolyDungeonsLite/Prefabs/Wood_02.prefab using Guid(5062c1312f2beb14694d90a058d444e4) Importer(815301076,1909f56bfc062723c751e8b465ee728b)  -> (artifact id: '58cd594c16ab1a31d8928d606d8081ce') in 0.039466 seconds
  Import took 0.060469 seconds .

========================================================================
Received Import Request.
  Time since last request: 0.000213 seconds.
  path: Assets/LowPolyDungeonsLite/Prefabs/Light_08.prefab
  artifactKey: Guid(5fbfbee0f9885764383291c4c5e18668) Importer(815301076,1909f56bfc062723c751e8b465ee728b)
Start importing Assets/LowPolyDungeonsLite/Prefabs/Light_08.prefab using Guid(5fbfbee0f9885764383291c4c5e18668) Importer(815301076,1909f56bfc062723c751e8b465ee728b)  -> (artifact id: 'c3632f867d6b77fedbab2d6440560835') in 0.023260 seconds
  Import took 0.027470 seconds .

========================================================================
Received Import Request.
  Time since last request: 0.000181 seconds.
  path: Assets/LowPolyDungeonsLite/Prefabs/Bottle_05.prefab
  artifactKey: Guid(0c837400ef1130c4196d20ee30637d9c) Importer(815301076,1909f56bfc062723c751e8b465ee728b)
Start importing Assets/LowPolyDungeonsLite/Prefabs/Bottle_05.prefab using Guid(0c837400ef1130c4196d20ee30637d9c) Importer(815301076,1909f56bfc062723c751e8b465ee728b)  -> (artifact id: '6f523333630dbed1429d55b115601d0d') in 0.023016 seconds
  Import took 0.026952 seconds .

========================================================================
Received Import Request.
  Time since last request: 0.000158 seconds.
  path: Assets/LowPolyDungeonsLite/Prefabs/Table_01.prefab
  artifactKey: Guid(c65426a375c90574a95eaaf4840e9481) Importer(815301076,1909f56bfc062723c751e8b465ee728b)
Start importing Assets/LowPolyDungeonsLite/Prefabs/Table_01.prefab using Guid(c65426a375c90574a95eaaf4840e9481) Importer(815301076,1909f56bfc062723c751e8b465ee728b)  -> (artifact id: 'cdbd19d10e5a81003717b734ea006dd5') in 0.022935 seconds
  Import took 0.043629 seconds .

========================================================================
Received Import Request.
  Time since last request: 0.000189 seconds.
  path: Assets/LowPolyDungeonsLite/Prefabs/Particles_Dust.prefab
  artifactKey: Guid(ce9b38f12fedb194d8b4177a9d4a66d7) Importer(815301076,1909f56bfc062723c751e8b465ee728b)
Start importing Assets/LowPolyDungeonsLite/Prefabs/Particles_Dust.prefab using Guid(ce9b38f12fedb194d8b4177a9d4a66d7) Importer(815301076,1909f56bfc062723c751e8b465ee728b)  -> (artifact id: '9d2a11a19b82ef2c70c60f65aba22a15') in 0.006630 seconds
  Import took 0.014664 seconds .

========================================================================
Received Import Request.
  Time since last request: 0.000188 seconds.
  path: Assets/LowPolyDungeonsLite/Prefabs/Chair_05.prefab
  artifactKey: Guid(3c94a574020d3de429d0c295b3a83db4) Importer(815301076,1909f56bfc062723c751e8b465ee728b)
Start importing Assets/LowPolyDungeonsLite/Prefabs/Chair_05.prefab using Guid(3c94a574020d3de429d0c295b3a83db4) Importer(815301076,1909f56bfc062723c751e8b465ee728b)  -> (artifact id: 'ab9b712be4a08ae115eba2f54f739905') in 0.023221 seconds
  Import took 0.026901 seconds .

========================================================================
Received Import Request.
  Time since last request: 0.000182 seconds.
  path: Assets/LowPolyDungeonsLite/Prefabs/Box_02.prefab
  artifactKey: Guid(e37d55d9adae8724c9dcf1dff5b67578) Importer(815301076,1909f56bfc062723c751e8b465ee728b)
Start importing Assets/LowPolyDungeonsLite/Prefabs/Box_02.prefab using Guid(e37d55d9adae8724c9dcf1dff5b67578) Importer(815301076,1909f56bfc062723c751e8b465ee728b)  -> (artifact id: '59b9c3f0407463e34a47018e9c3e9885') in 0.022636 seconds
  Import took 0.027928 seconds .

========================================================================
Received Import Request.
  Time since last request: 0.000164 seconds.
  path: Assets/LowPolyDungeonsLite/Prefabs/Book_09.prefab
  artifactKey: Guid(92d4430c1aabefa4691079bac409cbf9) Importer(815301076,1909f56bfc062723c751e8b465ee728b)
Start importing Assets/LowPolyDungeonsLite/Prefabs/Book_09.prefab using Guid(92d4430c1aabefa4691079bac409cbf9) Importer(815301076,1909f56bfc062723c751e8b465ee728b)  -> (artifact id: '3cb5dc2242b501da9e21254924750641') in 0.016813 seconds
  Import took 0.020120 seconds .

========================================================================
Received Import Request.
  Time since last request: 10.903272 seconds.
  path: Assets/LowPolyDungeonsLite/Materials
  artifactKey: Guid(1d90635a75c7dd94ca2c5ea4274f466e) Importer(815301076,1909f56bfc062723c751e8b465ee728b)
Start importing Assets/LowPolyDungeonsLite/Materials using Guid(1d90635a75c7dd94ca2c5ea4274f466e) Importer(815301076,1909f56bfc062723c751e8b465ee728b)  -> (artifact id: 'abb918a8de1e0f0efd8200089e614874') in 0.005168 seconds
  Import took 0.008723 seconds .

========================================================================
Received Import Request.
  Time since last request: 0.001317 seconds.
  path: Assets/LowPolyDungeonsLite/Materials
  artifactKey: Guid(1d90635a75c7dd94ca2c5ea4274f466e) Importer(815301076,1909f56bfc062723c751e8b465ee728b)
Start importing Assets/LowPolyDungeonsLite/Materials using Guid(1d90635a75c7dd94ca2c5ea4274f466e) Importer(815301076,1909f56bfc062723c751e8b465ee728b)  -> (artifact id: 'abb918a8de1e0f0efd8200089e614874') in 0.001700 seconds
  Import took 0.004730 seconds .

========================================================================
Received Prepare
Registering precompiled user dll's ...
Registered in 0.000751 seconds.
Begin MonoManager ReloadAssembly
Native extension for WindowsStandalone target not found
Refreshing native plugins compatible for Editor in 0.49 ms, found 0 plugins.
Preloading 0 native plugins for Editor in 0.00 ms.
Invoked RoslynAnalysisRunner static constructor.
RoslynAnalysisRunner will not be running.
RoslynAnalysisRunner has terminated.
Mono: successfully reloaded assembly
- Completed reload, in  0.769 seconds
Platform modules already initialized, skipping
Switching build target platform(5) subTarget(0) extendedPlatform(0) -> platform(13) subTarget(537395200) extendedPlatform(0)
Shader 'Universal Render Pipeline/Particles/Lit': fallback shader 'Universal Render Pipeline/Particles/SimpleLit' not found
Shader 'Universal Render Pipeline/Particles/Lit': fallback shader 'Universal Render Pipeline/Particles/SimpleLit' not found
Refreshing native plugins compatible for Editor in 0.49 ms, found 0 plugins.
Preloading 0 native plugins for Editor in 0.00 ms.
Unloading 2431 Unused Serialized files (Serialized files now loaded: 0)
System memory in use before: 144.8 MB.
System memory in use after: 143.2 MB.

Unloading 34 unused Assets to reduce memory usage. Loaded Objects now: 3137.
Total: 2.958400 ms (FindLiveObjects: 0.248000 ms CreateObjectMapping: 0.067700 ms MarkObjects: 1.618400 ms  DeleteObjects: 1.022700 ms)

AssetImportParameters requested are different than current active one (requested -> active):
  custom:graphics/normal-map-encoding: 01000000000000000000000000000000 -> 02000000000000000000000000000000
========================================================================
Received Import Request.
  Time since last request: 165.127378 seconds.
  path: Assets/Materials/LowPolyDungeonsLite_Light.mat
  artifactKey: Guid(2f12fcec4b3dcc0489472b3a9cfa44c1) Importer(815301076,1909f56bfc062723c751e8b465ee728b)
Start importing Assets/Materials/LowPolyDungeonsLite_Light.mat using Guid(2f12fcec4b3dcc0489472b3a9cfa44c1) Importer(815301076,1909f56bfc062723c751e8b465ee728b)  -> (artifact id: '8186ba120d669c9b951c00344252486e') in 0.387419 seconds
  Import took 0.409014 seconds .

========================================================================
Received Import Request.
  Time since last request: 0.000197 seconds.
  path: Assets/Materials/LowPolyDungeonsLite_MAIN.mat
  artifactKey: Guid(18f63ff904099034daf971dac5b32582) Importer(815301076,1909f56bfc062723c751e8b465ee728b)
Start importing Assets/Materials/LowPolyDungeonsLite_MAIN.mat using Guid(18f63ff904099034daf971dac5b32582) Importer(815301076,1909f56bfc062723c751e8b465ee728b)  -> (artifact id: 'bb314f4e55738a82dc26aa0cfaa40a95') in 0.024386 seconds
  Import took 0.038179 seconds .

========================================================================
Received Import Request.
  Time since last request: 26.711913 seconds.
  path: Assets/LowPolyDungeonsLite/Models
  artifactKey: Guid(0e8997ca604971843a36c13cc2dca678) Importer(815301076,1909f56bfc062723c751e8b465ee728b)
Start importing Assets/LowPolyDungeonsLite/Models using Guid(0e8997ca604971843a36c13cc2dca678) Importer(815301076,1909f56bfc062723c751e8b465ee728b)  -> (artifact id: 'ee2353c147d686dc9debdb048e6c1f32') in 0.057680 seconds
  Import took 0.061324 seconds .

========================================================================
Received Import Request.
  Time since last request: 0.011561 seconds.
  path: Assets/LowPolyDungeonsLite/Models/Book_09.fbx
  artifactKey: Guid(dd85c4003e86ea24b9d5486aa770f3a2) Importer(815301076,1909f56bfc062723c751e8b465ee728b)
Start importing Assets/LowPolyDungeonsLite/Models/Book_09.fbx using Guid(dd85c4003e86ea24b9d5486aa770f3a2) Importer(815301076,1909f56bfc062723c751e8b465ee728b)  -> (artifact id: '0ae1b90605409c2853f49e0e49366f6f') in 0.141558 seconds
  Import took 0.164572 seconds .

========================================================================
Received Import Request.
  Time since last request: 0.000200 seconds.
  path: Assets/LowPolyDungeonsLite/Models/Pot_01.fbx
  artifactKey: Guid(ea68aa111adc3264f9968657e12cc86a) Importer(815301076,1909f56bfc062723c751e8b465ee728b)
Start importing Assets/LowPolyDungeonsLite/Models/Pot_01.fbx using Guid(ea68aa111adc3264f9968657e12cc86a) Importer(815301076,1909f56bfc062723c751e8b465ee728b)  -> (artifact id: '52ab5aa6eda1bba276ded75763ee1954') in 0.016779 seconds
  Import took 0.027546 seconds .

========================================================================
Received Import Request.
  Time since last request: 0.000195 seconds.
  path: Assets/LowPolyDungeonsLite/Models/Wall_27.fbx
  artifactKey: Guid(657987f19f0767d4f81541198f8e3eff) Importer(815301076,1909f56bfc062723c751e8b465ee728b)
Start importing Assets/LowPolyDungeonsLite/Models/Wall_27.fbx using Guid(657987f19f0767d4f81541198f8e3eff) Importer(815301076,1909f56bfc062723c751e8b465ee728b)  -> (artifact id: '92441e9b285f01ee5ceb69f227845e18') in 0.021764 seconds
  Import took 0.039239 seconds .

========================================================================
Received Import Request.
  Time since last request: 0.000160 seconds.
  path: Assets/LowPolyDungeonsLite/Models/Ground_03.fbx
  artifactKey: Guid(9cf4216d74f9e92458acdc136e73dd07) Importer(815301076,1909f56bfc062723c751e8b465ee728b)
Start importing Assets/LowPolyDungeonsLite/Models/Ground_03.fbx using Guid(9cf4216d74f9e92458acdc136e73dd07) Importer(815301076,1909f56bfc062723c751e8b465ee728b)  -> (artifact id: '12c4d4153d69b8e2c76a4b99a93d4886') in 0.020232 seconds
  Import took 0.029780 seconds .

========================================================================
Received Import Request.
  Time since last request: 0.000216 seconds.
  path: Assets/LowPolyDungeonsLite/Models/Table_01.fbx
  artifactKey: Guid(d6d2f7aefe8e8cb4aac4725d78e70fde) Importer(815301076,1909f56bfc062723c751e8b465ee728b)
Start importing Assets/LowPolyDungeonsLite/Models/Table_01.fbx using Guid(d6d2f7aefe8e8cb4aac4725d78e70fde) Importer(815301076,1909f56bfc062723c751e8b465ee728b)  -> (artifact id: 'bf247f0cc7a78266d22112b2afc7c900') in 0.021153 seconds
  Import took 0.024333 seconds .

========================================================================
Received Import Request.
  Time since last request: 0.000214 seconds.
  path: Assets/LowPolyDungeonsLite/Models/Box_02.fbx
  artifactKey: Guid(8257fe5fd024e1640b84edb679463fd9) Importer(815301076,1909f56bfc062723c751e8b465ee728b)
Start importing Assets/LowPolyDungeonsLite/Models/Box_02.fbx using Guid(8257fe5fd024e1640b84edb679463fd9) Importer(815301076,1909f56bfc062723c751e8b465ee728b)  -> (artifact id: '5a4a17992fd1c11da8da00b674970927') in 0.018529 seconds
  Import took 0.021750 seconds .

========================================================================
Received Import Request.
  Time since last request: 0.000185 seconds.
  path: Assets/LowPolyDungeonsLite/Models/Wood_02.fbx
  artifactKey: Guid(e8f98bd8e8aa901469815fc68e3094aa) Importer(815301076,1909f56bfc062723c751e8b465ee728b)
Start importing Assets/LowPolyDungeonsLite/Models/Wood_02.fbx using Guid(e8f98bd8e8aa901469815fc68e3094aa) Importer(815301076,1909f56bfc062723c751e8b465ee728b)  -> (artifact id: '697afce5aab898821b7c9d79c9b2ff24') in 0.023421 seconds
  Import took 0.026575 seconds .

========================================================================
Received Import Request.
  Time since last request: 0.000223 seconds.
  path: Assets/LowPolyDungeonsLite/Models/Chair_05.fbx
  artifactKey: Guid(d51ff80ee7d069542b138da061286520) Importer(815301076,1909f56bfc062723c751e8b465ee728b)
Start importing Assets/LowPolyDungeonsLite/Models/Chair_05.fbx using Guid(d51ff80ee7d069542b138da061286520) Importer(815301076,1909f56bfc062723c751e8b465ee728b)  -> (artifact id: '0eaa24f968a4c01afc82ce00ff90a247') in 0.020681 seconds
  Import took 0.024630 seconds .

========================================================================
Received Import Request.
  Time since last request: 0.000177 seconds.
  path: Assets/LowPolyDungeonsLite/Models/Column_01.fbx
  artifactKey: Guid(1bff7d79ae1b141448f2db1e49eb3c81) Importer(815301076,1909f56bfc062723c751e8b465ee728b)
Start importing Assets/LowPolyDungeonsLite/Models/Column_01.fbx using Guid(1bff7d79ae1b141448f2db1e49eb3c81) Importer(815301076,1909f56bfc062723c751e8b465ee728b)  -> (artifact id: '25ab87028e4f87b24dd43fbd6c4847a4') in 0.025272 seconds
  Import took 0.028737 seconds .

========================================================================
Received Import Request.
  Time since last request: 0.000211 seconds.
  path: Assets/LowPolyDungeonsLite/Models/Rock_01.fbx
  artifactKey: Guid(35b57be42e294d546baff933e1fef874) Importer(815301076,1909f56bfc062723c751e8b465ee728b)
Start importing Assets/LowPolyDungeonsLite/Models/Rock_01.fbx using Guid(35b57be42e294d546baff933e1fef874) Importer(815301076,1909f56bfc062723c751e8b465ee728b)  -> (artifact id: '42b8a331e7522a59800cd52fdff6b9cc') in 0.026184 seconds
  Import took 0.029434 seconds .

========================================================================
Received Import Request.
  Time since last request: 0.000214 seconds.
  path: Assets/LowPolyDungeonsLite/Models/Ground_01.fbx
  artifactKey: Guid(542f964f9d702f74d949482dfe0e0e8f) Importer(815301076,1909f56bfc062723c751e8b465ee728b)
Start importing Assets/LowPolyDungeonsLite/Models/Ground_01.fbx using Guid(542f964f9d702f74d949482dfe0e0e8f) Importer(815301076,1909f56bfc062723c751e8b465ee728b)  -> (artifact id: '6a63f08353821f6de59f06207ad49644') in 0.019444 seconds
  Import took 0.023359 seconds .

========================================================================
Received Import Request.
  Time since last request: 0.000199 seconds.
  path: Assets/LowPolyDungeonsLite/Models/Jug_02.fbx
  artifactKey: Guid(ddaa7d6b7ae32864ebb3dc8ba1c6dd83) Importer(815301076,1909f56bfc062723c751e8b465ee728b)
Start importing Assets/LowPolyDungeonsLite/Models/Jug_02.fbx using Guid(ddaa7d6b7ae32864ebb3dc8ba1c6dd83) Importer(815301076,1909f56bfc062723c751e8b465ee728b)  -> (artifact id: '4cf2cb8988096f362ccc198df6e9ae04') in 0.013128 seconds
  Import took 0.016278 seconds .

========================================================================
Received Import Request.
  Time since last request: 0.000196 seconds.
  path: Assets/LowPolyDungeonsLite/Models/Mud_04.fbx
  artifactKey: Guid(5fc50f02975300c4fbb07bf974b4815b) Importer(815301076,1909f56bfc062723c751e8b465ee728b)
Start importing Assets/LowPolyDungeonsLite/Models/Mud_04.fbx using Guid(5fc50f02975300c4fbb07bf974b4815b) Importer(815301076,1909f56bfc062723c751e8b465ee728b)  -> (artifact id: '70eeb2504f5773bbf2def8e2a06a96ee') in 0.013667 seconds
  Import took 0.019883 seconds .

========================================================================
Received Import Request.
  Time since last request: 0.000176 seconds.
  path: Assets/LowPolyDungeonsLite/Models/Bottle_05.fbx
  artifactKey: Guid(1f3ab9073fa6aed4bbec9d3a54b89a27) Importer(815301076,1909f56bfc062723c751e8b465ee728b)
Start importing Assets/LowPolyDungeonsLite/Models/Bottle_05.fbx using Guid(1f3ab9073fa6aed4bbec9d3a54b89a27) Importer(815301076,1909f56bfc062723c751e8b465ee728b)  -> (artifact id: '1eda064b799d52d81e539ddecfe0ed03') in 0.012812 seconds
  Import took 0.016116 seconds .

========================================================================
Received Import Request.
  Time since last request: 0.000182 seconds.
  path: Assets/LowPolyDungeonsLite/Models/Candle_01.fbx
  artifactKey: Guid(0e94f8f9621dc254ca920f620b8e454e) Importer(815301076,1909f56bfc062723c751e8b465ee728b)
Start importing Assets/LowPolyDungeonsLite/Models/Candle_01.fbx using Guid(0e94f8f9621dc254ca920f620b8e454e) Importer(815301076,1909f56bfc062723c751e8b465ee728b)  -> (artifact id: 'fae4bbc07a2b741b2cd9b79e65433be7') in 0.013629 seconds
  Import took 0.019742 seconds .

========================================================================
Received Import Request.
  Time since last request: 0.000178 seconds.
  path: Assets/LowPolyDungeonsLite/Models/Light_08.fbx
  artifactKey: Guid(a572b7e4c3d8eb446823b4269e41cb5d) Importer(815301076,1909f56bfc062723c751e8b465ee728b)
Start importing Assets/LowPolyDungeonsLite/Models/Light_08.fbx using Guid(a572b7e4c3d8eb446823b4269e41cb5d) Importer(815301076,1909f56bfc062723c751e8b465ee728b)  -> (artifact id: '3fdd2b8e9b4e87b4f3038e6c2ed29e88') in 0.014810 seconds
  Import took 0.051538 seconds .

========================================================================
Received Import Request.
  Time since last request: 0.000207 seconds.
  path: Assets/LowPolyDungeonsLite/Models/WallDecor_05.fbx
  artifactKey: Guid(cde161403e4daa841897213ea28384a5) Importer(815301076,1909f56bfc062723c751e8b465ee728b)
Start importing Assets/LowPolyDungeonsLite/Models/WallDecor_05.fbx using Guid(cde161403e4daa841897213ea28384a5) Importer(815301076,1909f56bfc062723c751e8b465ee728b)  -> (artifact id: '7fb4333f93560745b4ab5cb72737d09a') in 0.012953 seconds
  Import took 0.019354 seconds .

========================================================================
Received Import Request.
  Time since last request: 6.904754 seconds.
  path: Assets/Escenario
  artifactKey: Guid(ec7d51c4b965cb142bc2d7b728274217) Importer(815301076,1909f56bfc062723c751e8b465ee728b)
Start importing Assets/Escenario using Guid(ec7d51c4b965cb142bc2d7b728274217) Importer(815301076,1909f56bfc062723c751e8b465ee728b)  -> (artifact id: '0e8bb6ee51e523bdfc757f007ffbcd8f') in 0.005124 seconds
  Import took 0.008633 seconds .

========================================================================
Received Import Request.
  Time since last request: 7.192505 seconds.
  path: Assets/Escenario/Textures
  artifactKey: Guid(3ec7c105b5f5fa94387b74d69f80c162) Importer(815301076,1909f56bfc062723c751e8b465ee728b)
Start importing Assets/Escenario/Textures using Guid(3ec7c105b5f5fa94387b74d69f80c162) Importer(815301076,1909f56bfc062723c751e8b465ee728b)  -> (artifact id: '030eac34706d0970d3038aa0fc8e27fc') in 0.005642 seconds
  Import took 0.043881 seconds .

========================================================================
Received Import Request.
  Time since last request: 0.001303 seconds.
  path: Assets/Escenario/Textures/LowPolyDungeonsLite_Texture_01.png
  artifactKey: Guid(3368dcc05b2e368459930672ab30f04b) Importer(815301076,1909f56bfc062723c751e8b465ee728b)
Start importing Assets/Escenario/Textures/LowPolyDungeonsLite_Texture_01.png using Guid(3368dcc05b2e368459930672ab30f04b) Importer(815301076,1909f56bfc062723c751e8b465ee728b)  -> (artifact id: '4713785eb1a04f29da56631296e6bd27') in 0.037328 seconds
  Import took 0.040615 seconds .

========================================================================
Received Import Request.
  Time since last request: 13.705947 seconds.
  path: Assets/Scenes/PRUEBAS.unity
  artifactKey: Guid(914488fe35bc14b4fb9cf502e546293b) Importer(815301076,1909f56bfc062723c751e8b465ee728b)
Start importing Assets/Scenes/PRUEBAS.unity using Guid(914488fe35bc14b4fb9cf502e546293b) Importer(815301076,1909f56bfc062723c751e8b465ee728b)  -> (artifact id: 'bcb04717372b0d0de564d5e6f10f654e') in 0.006348 seconds
  Import took 0.017339 seconds .

========================================================================
Received Import Request.
  Time since last request: 484.723545 seconds.
  path: Assets/Materials/LowPolyDungeonsLite_MAIN.mat
  artifactKey: Guid(18f63ff904099034daf971dac5b32582) Importer(815301076,1909f56bfc062723c751e8b465ee728b)
Start importing Assets/Materials/LowPolyDungeonsLite_MAIN.mat using Guid(18f63ff904099034daf971dac5b32582) Importer(815301076,1909f56bfc062723c751e8b465ee728b)  -> (artifact id: '3ccf5bc7e1e79dee4ccb5ca43cf09ed2') in 0.059605 seconds
  Import took 0.073259 seconds .

========================================================================
Received Import Request.
  Time since last request: 112.939492 seconds.
  path: Assets/Materials/Wall.mat
  artifactKey: Guid(1516f2ddeaee07444aca07367da89d97) Importer(815301076,1909f56bfc062723c751e8b465ee728b)
Start importing Assets/Materials/Wall.mat using Guid(1516f2ddeaee07444aca07367da89d97) Importer(815301076,1909f56bfc062723c751e8b465ee728b)  -> (artifact id: '47925df6f7b9f86101f99b8cb06e6016') in 0.045989 seconds
  Import took 0.050033 seconds .

========================================================================
Received Import Request.
  Time since last request: 901.040521 seconds.
  path: Assets/Materials/Wall.mat
  artifactKey: Guid(1516f2ddeaee07444aca07367da89d97) Importer(815301076,1909f56bfc062723c751e8b465ee728b)
Start importing Assets/Materials/Wall.mat using Guid(1516f2ddeaee07444aca07367da89d97) Importer(815301076,1909f56bfc062723c751e8b465ee728b)  -> (artifact id: 'd4e769258860f4e0ea2132c1688049ba') in 0.139052 seconds
  Import took 0.155715 seconds .

AssetImportWorkerClient::OnTransportError - code=2 error=End of file
